1 7 20 30 34 42 48 
4 7 19 24 31 35 36 38 47 49 
2 5 18 19 22 26 32 35 36 37 38 39 42 48 
2 6 13 32 35 
2 12 17 19 24 28 39 47 48 
10 14 17 20 21 26 27 29 31 33 34 48 
3 4 14 22 44 45 48 
10 12 17 26 28 30 31 32 39 45 48 
8 9 12 15 17 19 21 26 33 38 41 46 
4 15 19 22 23 25 26 29 40 43 
4 6 7 13 16 20 21 23 27 31 32 36 
6 12 14 16 18 25 30 33 
8 13 15 21 22 29 36 38 39 44 45 48 
1 3 11 18 20 21 24 34 35 38 40 46 
6 19 26 32 39 
9 11 28 29 34 39 41 42 47 
3 5 8 14 19 23 38 40 42 43 
5 6 21 24 32 33 39 40 41 46 
0 3 16 18 24 26 31 33 45 
7 8 16 31 33 38 45 
1 5 7 20 25 26 30 41 44 46 
2 3 4 5 7 13 22 27 31 36 37 38 45 47 
6 13 19 44 49 
5 6 8 11 12 14 16 19 25 27 29 31 38 40 42 44 45 
6 13 15 19 20 24 28 42 47 
10 11 15 23 29 31 32 48 
25 28 34 35 36 42 44 46 48 
4 7 10 12 14 19 25 30 31 33 34 38 
5 6 11 21 26 27 30 35 49 
0 4 7 13 14 18 25 26 29 37 39 40 41 48 49 
0 4 5 8 10 15 17 27 28 29 40 49 
6 10 21 22 24 38 
14 19 30 32 36 42 44 45 46 49 
6 13 14 17 18 29 31 36 
25 30 34 37 40 46 48 
0 3 9 11 14 47 
8 9 16 17 21 24 28 29 
5 6 8 17 32 33 41 46 
0 4 6 7 20 30 
1 9 12 16 24 26 30 31 34 37 38 40 
1 4 10 12 17 23 25 27 32 33 38 
7 10 20 22 28 29 31 38 48 49 
0 4 14 15 16 23 35 39 41 46 47 49 
2 8 9 11 14 20 30 36 38 42 
0 2 3 8 9 10 19 27 36 39 42 46 48 
7 8 9 25 28 30 33 36 43 44 49 
5 25 28 36 39 41 42 45 
3 13 16 21 22 30 31 35 42 43 45 
0 3 7 8 13 14 16 17 18 20 27 30 31 33 34 35 42 44 
0 9 15 17 18 23 24 26 34 38 40 
