10.85 42
12.95 40
13.55 45
22.25 43
23.10 22
23.55 1
23.95 24
23.95 37
25.25 49
26.55 33
26.60 45
27.05 19
27.55 5
29.30 26
29.70 44
29.80 42
29.90 11
30.25 10
30.85 31
30.95 4
31.35 0
31.45 27
32.35 39
32.40 13
32.75 29
32.85 7
32.85 30
33.30 9
33.30 41
34.60 20
34.70 49
35.15 48
35.30 5
35.70 36
35.95 25
36.10 3
36.85 22
37.55 37
37.90 10
37.90 38
39.65 34
41.05 11
41.10 44
41.30 14
42.45 28
43.05 18
43.45 13
44.35 43
45.25 16
45.35 4
45.35 33
45.35 35
45.80 2
45.85 24
45.95 31
45.95 49
46.60 17
46.80 39
46.90 30
47.95 48
48.35 27
48.55 21
48.80 7
49.15 19
49.45 8
50.05 1
51.00 49
51.45 9
52.95 15
53.45 5
53.75 11
54.15 20
54.80 40
54.95 25
55.05 23
56.60 38
57.10 10
57.50 12
58.10 18
58.30 27
58.50 48
58.95 13
60.85 26
61.00 22
61.65 37
62.30 31
62.90 47
64.45 24
64.45 30
65.65 33
66.20 19
66.80 4
66.85 28
67.00 3
67.60 46
67.95 40
68.75 8
69.85 39
69.95 44
70.05 36
70.20 1
71.00 47
72.15 16
73.00 9
74.10 27
74.15 41
74.55 29
75.35 21
75.60 11
76.25 0
77.30 18
77.65 10
77.65 42
81.50 37
83.05 31
83.20 14
83.30 39
83.85 33
84.00 5
84.50 49
85.55 2
86.35 34
88.15 44
88.75 43
91.65 46
92.25 4
92.70 7
92.70 49
93.20 9
94.50 10
95.20 19
96.80 24
96.80 38
97.85 27
98.25 8
99.15 21
99.50 39
99.60 11
101.00 12
101.35 49
101.95 25
102.00 47
102.05 40
103.10 35
105.80 2
105.80 31
106.75 18
108.35 46
108.65 6
108.70 23
108.80 44
109.30 20
110.45 27
111.20 29
111.55 36
112.75 47
114.50 46
114.85 45
115.95 5
117.40 33
117.45 16
117.55 47
119.00 9
119.15 2
119.65 48
120.10 11
120.55 3
120.70 13
121.80 43
123.80 14
126.20 25
126.25 35
126.80 19
129.70 38
130.95 48
131.50 37
132.35 36
133.00 28
133.95 40
134.20 23
135.55 46
135.70 22
136.50 45
137.45 3
138.00 21
138.20 27
138.25 42
139.25 47
140.35 15
140.70 10
142.70 41
142.85 5
144.60 19
144.75 14
144.75 31
144.90 40
146.65 33
146.75 20
146.95 25
148.70 17
149.30 22
149.90 7
151.45 41
152.10 48
152.80 12
153.20 43
153.65 1
154.10 35
154.95 29
155.10 28
155.15 11
155.95 49
157.95 24
158.70 33
158.85 18
159.60 36
159.95 27
160.40 19
160.70 37
161.25 3
161.25 6
161.55 48
162.00 2
162.15 47
163.10 21
163.20 10
164.20 11
165.25 17
165.50 39
165.90 44
166.00 35
166.10 13
166.35 43
166.75 32
167.10 40
168.05 31
168.30 7
168.35 38
170.00 1
170.75 48
171.30 16
172.25 27
172.35 49
173.35 5
174.45 33
174.50 10
175.50 13
176.10 42
176.70 22
176.95 3
177.70 18
177.95 8
178.45 19
179.35 9
180.05 40
180.10 38
180.30 44
181.80 11
182.05 14
183.15 47
183.30 4
183.70 37
184.40 25
184.50 35
184.85 12
185.10 46
185.15 23
185.50 10
186.15 43
186.65 1
186.65 2
187.05 31
187.20 7
188.05 16
188.15 20
188.30 28
188.65 39
189.40 5
189.55 41
189.95 29
190.60 15
190.75 32
191.05 27
191.40 18
191.80 30
192.95 33
193.40 4
193.65 25
193.80 3
195.15 45
195.80 40
196.35 38
197.20 2
197.65 14
197.65 17
198.05 8
198.85 35
199.05 27
199.25 48
199.45 10
199.70 5
199.70 42
200.30 19
200.65 21
202.75 30
202.90 22
203.95 37
204.85 31
205.25 40
206.55 46
208.85 8
209.20 29
209.90 41
209.95 3
210.75 12
211.90 35
213.45 18
214.50 28
214.65 48
214.95 0
215.10 38
215.45 21
215.70 14
215.90 45
216.45 1
217.10 33
217.60 9
218.65 11
218.90 27
220.65 19
220.90 43
221.35 13
222.60 23
223.15 10
223.25 39
224.05 40
224.55 5
225.00 2
226.45 37
226.90 32
226.90 41
227.05 16
228.40 36
228.70 0
228.95 26
229.50 3
229.50 45
229.55 31
229.85 7
229.90 44
230.55 12
230.60 4
231.35 48
231.90 40
233.10 38
233.70 17
234.05 27
234.35 14
235.35 1
235.60 40
235.95 11
236.30 42
236.60 33
236.80 35
237.55 28
237.95 16
239.25 49
239.40 10
239.45 8
240.45 18
240.45 47
241.45 25
242.15 45
242.20 5
242.55 29
243.05 19
243.20 3
244.30 38
244.45 37
245.15 11
245.60 39
246.05 22
246.10 27
246.50 20
246.75 33
247.40 2
247.65 4
248.15 31
248.20 48
250.05 8
251.25 14
251.40 13
251.40 16
251.75 40
251.80 44
251.85 23
253.20 38
254.80 43
254.95 37
255.10 21
256.35 5
257.25 36
257.75 30
259.00 29
259.25 10
259.35 35
259.45 7
260.80 33
261.10 15
261.30 28
261.65 39
261.70 24
262.35 48
262.65 27
263.15 18
263.30 1
263.95 11
264.25 47
264.40 17
265.00 46
265.30 42
265.35 40
266.00 2
266.30 23
269.65 25
269.75 31
271.20 40
271.35 14
272.35 28
272.70 3
274.10 41
274.60 48
274.65 36
274.80 45
280.10 43
281.35 47
281.65 10
283.65 26
283.90 7
284.00 8
284.65 33
285.05 20
285.85 38
286.15 40
286.30 27
286.90 31
287.00 3
287.05 49
287.35 23
287.65 48
287.80 5
288.35 1
289.90 35
289.95 14
292.05 2
293.45 15
293.60 11
294.75 36
295.30 43
295.75 25
296.05 28
297.10 37
299.75 33
300.85 19
301.90 27
303.05 14
303.90 39
304.00 40
304.30 46
304.65 48
304.75 34
305.10 17
305.25 20
305.70 47
306.50 8
307.20 49
307.85 45
308.25 43
308.70 4
311.25 16
311.60 18
311.85 40
312.40 2
316.15 5
316.25 43
317.30 38
318.20 3
318.20 19
318.90 21
319.40 29
319.50 12
319.80 36
320.15 46
321.55 31
321.80 32
321.90 27
323.35 4
323.65 25
324.40 7
324.55 1
325.10 6
325.40 39
325.45 2
325.50 30
325.75 11
326.60 28
326.75 20
326.80 49
326.90 23
327.00 48
327.40 26
328.05 8
328.15 24
328.30 42
328.45 10
328.70 47
328.95 9
329.15 43
329.25 40
329.35 35
329.45 15
329.60 33
331.30 27
331.30 38
333.45 45
334.60 49
334.90 25
335.25 13
335.40 3
336.50 36
337.80 37
338.00 1
338.70 21
339.15 31
341.00 43
341.45 5
342.35 0
342.70 20
343.00 40
343.25 19
343.95 10
344.40 3
344.45 41
344.65 44
344.75 15
345.45 27
345.50 35
345.85 24
347.15 2
347.15 28
347.40 12
347.80 1
347.95 7
349.05 17
349.55 13
349.65 49
349.75 39
349.85 8
350.15 18
350.15 21
351.20 9
351.65 4
353.95 49
354.00 31
354.50 5
354.80 10
356.35 48
356.95 44
358.15 24
358.70 38
359.05 46
360.40 43
360.50 49
363.10 21
363.60 18
363.90 4
364.35 7
364.50 23
364.55 49
365.80 48
365.85 13
367.05 3
367.35 43
368.15 25
368.80 33
369.45 19
369.90 17
370.75 16
370.75 40
371.30 35
372.55 8
372.70 14
372.75 36
373.00 47
374.80 11
375.05 20
375.40 38
376.55 6
376.60 22
376.65 43
377.60 48
377.75 37
378.15 24
379.20 46
379.60 10
381.25 27
382.20 7
383.10 28
383.25 2
383.40 21
384.10 45
384.90 49
385.50 41
385.90 13
386.65 4
387.70 31
387.75 14
387.80 3
388.35 36
388.60 9
389.10 8
389.40 38
390.70 27
390.80 47
391.00 40
391.20 11
391.50 16
393.55 0
393.85 1
395.30 48
395.45 15
395.60 23
395.70 10
396.10 5
397.75 18
398.45 30
399.30 27
399.45 42
400.35 28
401.35 39
403.30 12
403.40 46
403.55 49
404.35 40
405.75 14
405.95 11
406.45 18
406.45 33
407.30 21
408.00 36
408.50 45
408.70 48
409.85 19
410.65 31
410.90 24
411.20 8
411.45 25
412.00 6
412.90 27
413.35 1
413.35 15
414.90 9
414.95 5
415.45 22
416.00 40
416.35 20
417.60 45
418.10 3
420.85 48
422.60 36
422.80 16
422.95 35
423.90 38
424.20 33
424.35 28
424.70 49
424.80 21
425.10 24
425.65 46
425.75 13
425.85 10
425.95 40
427.05 47
428.10 4
428.40 2
429.80 12
430.20 31
431.70 42
432.20 3
432.25 5
432.55 43
432.70 18
433.60 7
434.35 25
434.50 21
434.50 39
434.65 44
434.90 40
435.05 41
435.25 27
435.45 49
435.50 11
437.75 38
438.70 19
439.05 36
441.80 14
442.35 10
442.55 6
442.90 28
444.15 4
444.20 8
444.20 45
444.60 35
444.95 31
445.65 38
445.70 0
446.00 25
446.00 47
446.35 30
447.45 34
447.65 1
449.65 27
449.75 23
450.05 39
450.15 11
450.15 32
451.70 48
452.10 2
452.80 49
453.35 9
453.45 13
453.65 44
454.35 17
455.05 10
455.05 33
455.40 3
455.45 40
455.80 46
455.95 36
457.05 5
457.50 7
458.05 14
458.55 37
458.60 49
461.90 25
461.90 38
462.30 24
462.70 21
464.50 31
464.65 27
466.15 29
466.20 33
466.60 18
466.95 40
467.05 19
467.55 23
467.70 37
467.75 15
468.80 48
472.15 14
472.15 36
473.05 45
473.70 8
474.25 43
475.00 11
475.05 10
475.10 35
476.95 2
477.50 12
478.10 22
478.50 26
478.65 25
478.70 0
478.85 44
478.85 48
478.90 5
479.00 41
479.30 30
479.80 31
479.95 21
480.00 7
480.40 3
481.20 19
481.85 27
481.90 28
483.20 9
483.35 1
483.65 32
485.15 23
485.80 43
485.85 48
485.90 10
486.15 40
486.20 8
486.35 35
486.55 44
487.20 49
487.65 33
488.40 4
491.20 38
491.90 31
492.45 49
492.50 11
493.10 39
494.05 43
494.55 27
494.90 14
495.25 40
495.55 18
495.80 21
496.35 48
496.65 24
497.10 36
497.30 33
497.40 20
497.85 19
497.90 7
497.95 13
498.50 3
499.15 10
499.20 48
500.15 42
502.35 17
503.10 8
504.40 40
504.50 43
505.00 35
505.45 1
507.55 32
508.55 38
510.45 31
510.45 43
510.55 27
511.30 21
512.85 5
512.95 42
514.25 19
514.95 36
515.95 12
516.70 45
517.65 4
517.75 11
517.95 28
518.00 2
518.05 44
519.15 15
519.40 1
519.45 10
519.95 14
520.85 41
521.10 20
521.20 40
521.40 18
522.75 33
522.95 38
523.45 8
524.25 39
524.40 3
524.75 37
525.45 48
526.75 25
528.30 36
528.85 24
529.35 30
529.95 10
531.60 31
531.75 13
532.50 32
532.50 40
532.65 46
534.30 0
534.30 7
535.55 21
535.55 43
536.10 42
536.50 41
536.80 48
536.95 14
537.85 12
538.60 10
538.80 18
539.50 39
540.25 3
540.65 4
540.95 33
542.25 40
542.85 31
542.90 48
544.45 45
545.25 27
546.00 1
551.00 28
552.15 15
553.10 26
553.20 17
553.25 24
553.40 10
553.80 49
554.15 25
554.45 20
554.80 7
555.10 39
556.70 14
556.85 11
557.05 18
557.10 29
557.45 38
557.70 13
558.45 30
558.90 5
559.20 23
559.20 48
559.35 33
560.30 27
560.65 43
560.70 16
560.75 35
561.05 36
561.25 19
561.30 40
561.55 47
561.80 37
562.35 3
562.35 45
562.40 46
562.90 2
563.05 8
563.35 48
564.20 31
564.95 14
565.20 22
565.60 10
566.25 20
567.45 9
567.75 42
568.25 38
569.25 11
569.80 5
569.80 49
570.20 44
570.55 35
570.90 43
572.00 18
572.30 41
573.50 23
574.15 39
576.20 2
576.25 12
576.50 36
577.25 3
577.75 40
578.25 21
579.15 1
579.40 25
579.40 44
579.85 27
580.10 15
580.15 7
580.35 24
582.25 10
582.55 13
582.60 19
582.90 31
583.40 38
584.20 33
584.70 41
585.30 40
586.45 43
586.60 21
586.80 36
586.85 49
588.15 26
588.65 37
589.00 28
589.05 18
589.10 1
589.45 2
589.90 20
589.90 24
590.05 35
590.10 5
591.30 4
592.30 12
592.55 44
592.85 10
593.20 39
593.60 8
594.25 27
594.50 31
594.70 40
595.85 30
596.35 7
596.55 3
597.30 41
597.65 0
597.80 21
597.90 34
598.20 19
598.85 11
599.55 14
599.60 49
599.70 18
600.65 16
600.95 15
601.00 22
601.65 43
601.90 44
601.90 48
602.35 47
603.25 1
604.05 33
604.80 10
605.90 7
606.10 40
606.60 25
606.65 31
606.80 2
607.55 36
607.85 27
608.10 13
608.75 38
609.85 28
612.15 5
612.35 8
613.55 46
614.00 44
614.05 15
614.30 21
614.50 41
614.65 48
614.85 11
614.90 10
615.80 18
616.05 37
617.90 19
618.00 30
618.25 39
618.45 16
620.65 40
620.95 47
621.10 4
621.25 24
621.25 35
621.45 32
622.05 36
622.45 33
623.15 7
623.80 25
624.40 18
624.45 3
624.80 27
624.80 29
625.35 45
625.95 28
626.15 43
626.50 48
626.90 26
626.90 40
627.35 49
628.10 37
630.05 11
630.10 14
631.80 0
632.55 38
634.00 42
634.95 31
635.80 21
636.40 43
636.65 39
637.40 10
638.35 19
639.45 22
639.55 20
640.40 23
640.40 40
640.45 32
640.50 44
641.40 4
642.10 14
642.85 13
642.90 17
644.55 0
644.55 33
644.60 40
644.95 49
645.90 5
646.00 18
648.20 21
648.20 24
648.45 30
648.50 10
649.35 25
650.00 36
650.10 28
651.65 2
651.65 19
652.25 27
652.25 40
653.85 11
655.90 44
656.10 4
658.00 41
660.55 33
660.85 7
661.15 19
661.30 47
662.10 38
662.50 2
664.40 8
664.85 3
665.60 31
666.35 18
667.45 41
668.30 14
668.35 9
669.00 11
669.85 25
670.20 26
670.25 39
670.60 6
670.70 21
670.70 43
671.55 7
671.85 12
672.05 22
672.35 29
672.55 27
672.60 24
672.60 34
673.75 41
674.65 10
674.80 5
675.20 30
675.30 1
675.55 36
676.30 13
676.40 23
677.15 40
677.50 16
677.70 44
678.05 33
680.10 0
680.95 35
681.45 12
681.85 47
682.20 42
683.10 3
684.80 37
685.95 5
686.40 38
686.55 25
687.10 21
687.25 11
687.60 10
687.90 31
688.15 39
689.40 9
690.85 49
691.15 40
691.25 14
691.35 1
692.00 44
692.80 47
693.05 33
693.15 2
693.75 7
695.10 17
695.10 43
695.25 8
695.35 41
695.75 18
696.25 27
696.35 37
696.65 38
697.65 5
698.60 19
699.10 20
699.20 28
699.30 21
699.95 0
700.70 39
701.95 49
702.15 43
703.45 11
703.80 14
704.65 40
704.65 46
704.70 3
704.90 31
705.95 25
706.05 10
706.20 35
706.45 24
706.90 41
707.30 12
707.50 13
708.65 5
709.00 36
709.55 7
710.55 26
710.65 38
710.85 33
712.30 2
712.70 28
713.95 21
715.85 8
716.10 22
717.50 6
719.10 48
719.25 32
719.80 12
720.20 45
720.25 16
722.80 23
724.85 1
725.00 40
725.25 0
725.45 43
725.90 27
726.55 41
726.70 39
726.80 3
726.95 48
727.05 38
728.55 15
728.55 35
728.55 40
728.60 31
729.00 14
729.85 24
730.60 13
732.25 43
735.05 8
735.55 37
736.60 11
737.05 27
737.95 40
738.50 48
738.85 28
739.60 22
739.65 18
739.75 46
739.85 33
741.85 47
743.60 43
744.55 27
747.00 21
747.00 37
747.85 14
747.85 23
748.05 2
748.55 39
749.00 46
749.35 40
750.05 36
750.25 7
750.30 30
750.40 11
750.60 5
750.90 18
751.20 1
751.75 19
752.85 24
753.20 48
753.55 3
753.60 15
754.05 46
754.10 27
754.50 49
755.05 47
755.90 38
756.00 10
756.10 28
756.25 43
756.80 20
758.05 0
758.60 25
759.75 23
760.25 44
760.60 21
760.75 48
762.75 33
763.25 40
765.15 46
767.90 30
768.60 27
769.30 48
770.15 17
770.15 35
770.20 39
770.30 18
770.45 46
771.20 12
771.60 47
771.85 38
771.90 2
772.15 31
772.75 45
773.45 37
773.85 40
774.10 28
774.70 7
775.55 22
775.70 43
776.15 36
776.40 21
776.90 48
777.30 11
778.45 10
779.05 2
779.10 8
779.45 14
779.70 19
780.35 24
780.50 40
781.95 48
782.25 4
782.25 45
782.30 3
782.55 27
782.75 43
782.95 26
784.30 29
784.85 38
785.15 21
785.30 31
786.00 16
786.05 42
786.20 14
787.10 23
787.15 33
787.55 39
787.70 1
787.75 18
788.30 40
788.40 43
788.45 30
789.05 10
789.15 15
789.15 49
789.90 32
790.10 48
790.30 17
791.70 11
791.80 22
791.90 36
792.50 35
793.00 40
793.60 37
794.30 6
795.35 19
795.45 28
795.70 8
796.85 20
797.15 24
797.95 48
798.05 31
798.15 27
800.10 10
800.65 43
800.95 13
801.00 32
802.00 3
802.15 25
802.15 33
802.15 40
802.75 5
803.50 48
803.55 18
804.10 26
804.20 46
804.30 14
804.90 17
807.45 40
808.00 22
808.20 7
809.85 28
810.15 21
810.15 38
810.35 27
810.70 6
810.70 35
811.50 36
812.50 2
812.80 37
813.10 10
813.15 24
814.40 40
814.55 41
815.45 15
815.60 31
816.15 19
816.20 1
816.90 5
816.90 11
816.95 33
818.05 8
818.50 28
819.75 48
820.70 47
820.80 3
822.25 21
822.70 18
824.05 36
824.20 20
826.20 16
826.75 45
827.30 46
829.80 6
830.15 2
830.25 14
831.15 13
832.00 23
832.60 9
832.85 43
832.95 38
833.25 5
834.20 10
834.45 24
834.50 30
835.00 4
835.15 22
835.75 11
836.10 37
836.10 48
836.90 12
836.90 28
837.80 1
838.65 41
839.00 15
839.15 39
839.50 27
841.85 2
841.90 43
842.80 42
843.25 19
843.50 10
844.65 17
845.00 13
845.60 6
846.15 11
846.20 49
846.40 16
846.45 25
846.50 33
847.30 18
847.75 41
848.45 48
849.45 4
850.20 31
851.05 3
852.30 27
852.50 36
852.70 43
854.00 21
854.80 19
855.40 28
855.45 48
856.25 44
856.50 24
856.55 14
857.15 1
857.30 35
857.75 10
857.75 13
857.75 23
858.65 38
859.40 40
859.65 42
860.05 30
860.10 39
860.10 49
860.15 31
860.55 45
860.95 9
862.15 0
862.80 33
864.55 21
865.85 7
866.95 4
867.00 8
867.30 27
867.30 35
868.15 48
869.90 43
870.35 36
871.10 18
871.45 32
872.25 44
872.30 24
873.25 37
875.00 14
875.40 10
875.55 13
875.60 33
876.50 29
876.75 25
876.95 15
876.95 47
877.05 40
877.60 49
877.65 21
877.75 5
878.25 42
879.15 7
879.55 17
879.95 28
881.10 27
881.25 11
882.20 19
883.20 33
883.60 8
884.05 30
884.50 48
884.70 39
884.85 3
884.95 26
885.45 41
886.30 5
886.75 18
887.85 9
887.85 45
888.40 2
889.65 37
890.00 13
890.45 14
891.00 11
891.10 22
891.90 44
892.35 48
892.40 38
893.05 10
893.60 36
894.50 33
894.50 40
894.75 25
895.00 23
895.10 43
895.30 47
895.55 20
896.35 49
897.60 21
898.10 9
899.90 48
899.95 35
900.00 11
900.70 0
900.85 19
901.60 43
902.10 27
902.90 8
902.90 13
904.45 31
904.90 3
905.40 40
905.95 18
906.05 41
906.25 33
906.80 48
908.80 37
909.40 47
909.60 38
909.80 21
910.15 25
910.60 28
910.85 39
911.25 32
911.55 46
912.80 2
913.20 10
913.50 45
913.60 1
913.70 24
914.75 36
914.75 44
915.75 14
916.55 27
917.50 16
918.05 43
918.35 33
918.75 48
919.80 3
921.45 11
922.00 42
922.80 31
923.80 30
924.75 4
925.25 19
925.45 10
925.55 25
925.70 35
925.75 5
926.05 20
926.10 8
926.15 48
926.15 49
926.70 40
927.85 23
928.80 14
929.45 2
930.10 28
930.90 27
931.55 22
931.90 9
932.10 47
932.15 36
932.40 21
933.05 33
933.90 45
934.40 12
935.05 40
935.70 38
935.70 43
936.80 31
937.00 32
937.60 37
937.95 0
939.80 44
940.20 8
940.40 18
940.70 48
941.20 17
941.25 15
941.50 14
943.10 36
943.25 41
943.75 24
943.95 19
944.90 10
945.45 16
945.55 13
945.85 4
945.85 49
947.00 27
947.05 33
948.10 43
948.55 21
948.80 30
949.00 3
949.20 5
949.40 28
949.75 39
950.80 8
951.55 2
951.60 48
952.60 7
952.80 12
952.95 11
954.20 19
954.55 43
955.15 36
955.65 35
956.85 41
957.10 38
958.30 13
959.15 31
960.50 40
960.85 27
961.25 10
962.50 32
963.35 44
963.45 11
963.60 6
963.95 25
964.05 3
964.25 33
964.90 1
965.05 47
965.45 28
965.55 18
965.85 24
965.95 43
966.40 5
966.55 17
968.10 29
968.45 41
968.55 46
969.00 36
969.05 37
969.30 14
969.60 15
970.45 30
971.30 7
971.45 33
971.75 48
972.30 43
972.75 11
973.00 19
973.20 39
973.45 23
973.55 20
974.45 40
974.90 42
975.10 27
975.75 8
975.75 35
977.80 49
979.00 26
979.10 4
979.15 31
980.30 48
980.55 21
980.60 13
982.05 37
982.30 10
983.75 19
984.45 25
984.80 20
985.05 8
985.45 30
985.75 36
985.85 38
986.20 28
986.80 27
987.15 48
987.25 33
987.30 43
987.60 46
987.65 44
988.55 2
989.15 18
989.35 22
990.25 24
990.55 40
991.20 39
992.05 47
992.35 46
992.85 49
993.30 11
995.55 12
996.55 31
997.25 41
999.80 3
1000.00 28
1000.05 16
1000.25 1
1000.85 18
1001.35 48
1001.90 43
1002.20 19
1002.25 4
1003.60 44
1003.95 9
1004.15 27
1004.35 23
1005.30 33
1006.40 38
1006.60 39
1007.20 10
1007.25 46
1007.30 5
1007.30 47
1007.95 7
1008.05 21
1010.80 40
1011.00 0
1011.45 2
1011.90 28
1012.50 11
1012.95 48
1013.15 47
1013.45 42
1013.95 36
1014.20 27
1016.45 10
1018.95 41
1019.15 31
1019.85 18
1020.15 33
1020.65 3
1020.75 38
1022.00 35
1022.30 19
1022.35 22
1022.40 30
1022.40 40
1023.05 25
1024.70 12
1025.15 45
1025.20 14
1026.15 47
1026.20 48
1027.85 27
1028.30 28
1029.40 11
1029.40 16
1029.95 24
1031.00 39
1031.90 18
1032.35 46
1032.35 49
1032.55 47
1033.15 23
1033.30 2
1033.45 8
1033.65 37
1034.10 36
1034.85 26
1034.90 43
1036.40 31
1037.45 19
1038.65 21
1039.00 12
1039.15 47
1039.20 17
1039.55 7
1040.10 10
1040.20 0
1041.65 30
1041.95 11
1041.95 33
1042.55 49
1042.60 3
1042.70 25
1043.00 43
1043.75 32
1043.85 48
1043.95 40
1045.35 18
1046.55 27
1047.45 45
1048.10 23
1048.70 8
1048.85 38
1049.05 28
1049.45 40
1050.50 46
1051.05 31
1051.25 11
1051.40 41
1051.70 16
1051.85 2
1053.15 39
1054.25 19
1054.25 48
1054.30 3
1054.65 4
1055.25 1
1056.05 10
1056.60 36
1056.85 33
1056.90 45
1057.95 27
1060.50 13
1060.75 37
1060.90 20
1061.00 9
1061.80 30
1062.35 22
1062.70 45
1063.55 49
1063.70 32
1063.95 24
1064.60 0
1064.85 11
1065.65 38
1065.90 48
1066.00 33
1066.25 10
1067.35 43
1067.65 40
1069.15 35
1069.30 49
1072.30 31
1072.35 17
1073.80 21
1073.90 8
1076.15 5
1078.75 23
1078.95 16
1079.35 22
1079.45 49
1079.95 48
1083.60 19
1084.60 27
1085.10 10
1085.10 33
1085.30 36
1086.20 40
1087.05 28
1087.35 44
1087.50 21
1087.95 39
1088.55 14
1088.80 46
1088.90 11
1089.45 18
1089.75 25
1090.60 2
1091.15 29
1091.60 31
1092.15 42
1092.90 24
1093.50 3
1093.60 0
1094.75 5
1094.95 13
1095.00 19
1095.55 23
1095.70 35
1095.75 27
1095.75 48
1096.60 33
1096.70 41
1097.40 1
1098.30 37
1098.90 40
1099.25 15
1099.35 10
1099.35 18
1099.35 49
1100.00 6
1101.40 36
1101.55 21
1101.90 48
1102.85 38
1103.85 24
1105.20 4
1105.20 40
1105.30 31
1105.30 39
1105.40 47
1105.90 11
1108.25 8
1108.25 43
1109.00 37
1110.25 41
1110.95 20
1111.00 25
1111.00 27
1111.35 26
1111.80 14
1112.10 48
1112.60 46
1114.65 30
1115.95 48
1116.85 45
1117.20 23
1117.80 38
1118.45 39
1119.25 31
1120.00 10
1120.05 19
1120.75 40
1121.65 32
1122.15 2
1122.45 42
1122.60 41
1123.40 3
1123.70 5
1124.05 36
1124.50 1
1124.75 18
1125.45 21
1125.55 9
1125.90 49
1126.15 35
1126.20 24
1126.70 47
1127.40 16
1127.55 40
1128.05 11
1128.80 28
1128.85 48
1129.85 38
1130.00 33
1131.25 39
1131.35 13
1133.05 27
1134.30 3
1134.75 14
1134.95 36
1135.55 2
1135.65 4
1136.85 43
1138.90 31
1139.50 17
1139.80 15
1139.80 20
1139.95 38
1140.00 46
1140.45 47
1140.50 1
1140.50 18
1140.85 12
1141.35 40
1141.40 6
1141.80 8
1142.45 39
1143.10 7
1143.30 30
1143.30 48
1144.80 25
1144.90 3
1145.60 11
1145.85 27
1146.05 49
1146.10 10
1146.10 14
1146.20 23
1146.80 43
1148.30 40
1148.95 21
1149.05 46
1149.10 5
1149.30 37
1150.60 31
1152.00 28
1152.25 33
1153.25 43
1154.75 38
1156.50 47
1157.10 29
1158.60 36
1160.65 19
1162.65 5
1163.30 23
1163.55 27
1164.15 7
1166.35 12
1166.85 18
1166.90 46
1167.05 30
1167.30 41
1167.35 16
1169.60 31
1172.35 24
1173.50 43
1173.65 14
1174.25 23
1174.45 41
1175.00 47
1175.70 3
1175.80 35
1177.05 40
1179.10 5
1180.30 11
1180.35 27
1181.30 21
1182.00 28
1183.15 10
1183.15 39
1183.45 46
1183.65 13
1184.05 48
1184.55 44
1184.60 49
1184.75 25
1184.80 0
1185.95 38
1187.25 40
1187.85 30
1188.50 31
1189.15 19
1189.45 14
1190.20 33
1190.40 18
1190.80 23
1191.00 8
1191.25 47
1192.60 45
1192.70 16
1192.70 37
1192.85 20
1193.15 6
1194.05 43
1194.20 48
1194.60 28
1195.30 46
1198.00 41
1198.70 22
1199.75 1
1199.95 43
1200.65 10
1201.55 5
1201.60 21
1201.75 38
1201.90 40
1202.00 19
1202.15 2
1202.30 33
1203.70 31
1203.75 0
1205.55 18
1205.60 27
1206.10 7
1206.10 36
1206.65 3
1207.00 4
1207.10 44
1208.25 41
1208.30 48
1208.85 15
1208.95 21
1209.05 1
1209.60 24
1210.15 40
1210.45 26
1210.65 13
1211.20 28
1211.80 47
1212.10 39
1212.20 25
1213.05 10
1214.25 33
1214.55 38
1215.80 12
1215.80 40
1216.05 31
1216.20 19
1216.75 2
1217.40 11
1217.55 36
1218.50 3
1218.60 35
1219.45 27
1219.55 48
1219.65 7
1220.00 47
1220.80 18
1222.35 8
1223.40 10
1223.80 20
1223.90 22
1225.25 5
1225.25 13
1225.30 40
1225.55 9
1225.60 41
1225.65 37
1226.10 14
1226.90 44
1227.30 6
1227.30 21
1227.95 48
1228.00 24
1228.15 47
1228.35 42
1228.70 33
1229.35 19
1229.80 28
1231.70 49
1232.35 11
1232.60 45
1233.30 16
1233.80 31
1234.35 27
1235.45 40
1237.85 25
1237.90 2
1238.40 1
1239.55 41
1239.95 36
1240.10 7
1241.10 10
1241.65 43
1242.05 38
1246.90 28
1247.15 30
1248.30 26
1248.55 2
1248.70 39
1248.75 45
1250.40 44
1250.60 14
1251.15 41
1252.15 8
1252.60 34
1253.20 11
1253.45 18
1253.80 36
1253.85 16
1253.95 13
1253.95 43
1254.40 10
1254.65 24
1254.85 30
1255.40 15
1256.05 38
1256.40 35
1256.70 48
1257.00 1
1257.15 40
1257.20 31
1257.25 25
1257.45 7
1257.65 3
1257.85 49
1258.30 23
1258.40 5
1258.55 27
1258.70 0
1261.05 48
1261.95 12
1262.15 21
1262.15 28
1263.10 19
1263.30 4
1263.65 13
1264.05 43
1264.55 14
1265.30 20
1265.35 33
1265.60 10
1267.35 35
1268.45 48
1268.50 17
1269.30 37
1270.75 18
1270.75 36
1272.80 21
1273.00 8
1273.15 27
1273.25 30
1274.50 32
1275.10 40
1275.55 7
1275.70 3
1275.85 6
1275.85 47
1275.85 48
1277.60 38
1278.65 22
1278.75 37
1279.20 10
1279.85 45
1280.15 19
1281.70 31
1282.45 13
1283.75 1
1283.75 15
1283.85 33
1284.10 41
1285.10 39
1285.70 43
1286.35 40
1287.45 20
1288.50 8
1289.25 44
1289.30 11
1290.60 27
1291.30 5
1291.40 48
1292.40 2
1292.70 28
1293.55 3
1293.65 36
1294.80 24
1295.15 43
1295.15 47
1295.55 46
1295.85 21
1296.95 25
1298.45 18
1299.25 31
1299.65 30
1300.45 46
1302.20 49
1302.95 19
1303.40 43
1304.05 3
1304.20 10
1304.70 8
1305.05 36
1305.75 11
1306.20 40
1306.30 14
1307.55 5
1308.20 1
1308.40 33
1309.75 48
1310.90 23
1312.35 7
1312.50 15
1313.20 32
1313.20 38
1313.85 31
1314.80 43
1314.95 45
1315.35 41
1315.95 27
1316.20 40
1317.95 48
1318.70 20
1319.45 36
1320.40 10
1320.40 11
1321.80 28
1322.50 40
1323.35 14
1323.50 12
1324.85 1
1324.85 35
1325.00 43
1325.10 13
1326.25 42
1326.70 5
1326.90 41
1328.05 18
1328.20 3
1328.60 22
1328.65 25
1329.20 33
1329.90 27
1330.15 21
1330.30 2
1330.55 39
1330.85 7
1331.55 31
1332.45 0
1332.65 19
1333.45 47
1334.25 40
1335.60 28
1335.95 24
1336.00 4
1336.40 32
1336.75 48
1337.20 37
1337.60 36
1340.85 34
1341.35 9
1341.55 35
1342.45 26
1342.75 1
1343.65 47
1345.85 27
1347.60 23
1348.55 11
1349.50 20
1349.75 49
1349.85 30
1350.60 39
1350.75 47
1351.45 10
1351.70 13
1352.05 7
1352.05 16
1352.10 44
1352.15 28
1352.45 38
1353.55 14
1354.25 22
1354.55 49
1355.15 31
1355.80 18
1356.10 9
1356.75 33
1357.95 3
1358.35 5
1358.50 35
1359.00 48
1359.20 27
1361.30 37
1362.10 8
1362.90 43
1363.60 40
1363.70 21
1364.60 17
1365.50 44
1365.70 11
1365.90 6
1367.55 24
1367.95 25
1367.95 46
1368.20 48
1369.95 38
1370.70 2
1371.10 28
1372.95 4
1373.35 33
1373.85 14
1374.15 18
1374.85 40
1375.10 0
1376.05 31
1376.10 30
1376.40 36
1376.80 11
1377.00 45
1377.30 42
1377.50 39
1380.35 21
1380.75 20
1380.95 1
1381.30 27
1381.45 13
1383.40 10
1384.10 42
1384.80 37
1384.85 32
1385.30 44
1385.50 8
1385.70 35
1386.00 2
1386.00 28
1386.95 6
1388.25 30
1388.30 23
1389.40 45
1389.70 25
1389.95 38
1390.25 40
1390.55 24
1391.30 3
1391.40 36
1391.50 41
1391.65 7
1393.35 49
1393.70 18
1394.80 40
1395.35 31
1397.65 0
1397.75 35
1398.55 33
1398.80 25
1399.10 34
1399.15 47
1399.65 4
1399.80 11
1400.45 48
1400.60 10
1400.75 44
1400.80 26
1401.05 37
1401.60 40
1402.95 49
1403.45 31
1404.55 2
1404.70 19
1405.20 21
1406.80 8
1407.30 5
1408.25 13
1408.25 36
1411.45 38
1412.05 12
1412.85 16
1412.90 3
1413.75 39
1414.00 1
1414.10 44
1414.10 47
1414.95 21
1417.25 8
1417.30 46
1417.70 19
1418.35 40
1418.40 10
1418.60 43
1419.10 18
1421.60 37
1422.30 33
1422.80 49
1423.05 0
1423.95 24
1423.95 29
1424.50 27
1424.60 38
1424.90 5
1425.55 48
1426.10 46
1426.15 30
1426.60 40
1426.90 23
1427.50 36
1430.65 14
1431.05 31
1431.20 9
1432.20 19
1432.70 8
1432.90 39
1433.10 35
1434.30 7
1434.50 43
1434.85 4
1435.75 25
1435.75 32
1435.95 15
1436.40 48
1436.90 10
1437.05 11
1437.40 22
1437.45 40
1437.60 20
1438.90 23
1439.10 41
1441.20 33
1442.05 27
1442.40 24
1442.65 40
1443.15 8
1444.40 6
1444.65 48
1445.25 7
1445.50 32
1446.30 28
1446.50 45
1446.85 10
1447.40 37
1448.40 31
1448.45 48
1448.70 40
1449.80 3
1451.45 43
1452.65 44
1452.85 5
1452.90 11
1453.00 20
1454.15 2
1454.15 27
1454.60 17
1455.45 35
1455.45 42
1455.75 1
1456.95 18
1457.80 41
1458.40 0
1458.40 10
1459.30 38
1459.65 13
1460.25 8
1460.30 36
1461.00 39
1461.10 30
1461.30 40
1461.40 42
1461.70 19
1462.05 33
1462.25 43
1462.65 21
1463.50 3
1463.50 49
1464.50 41
1464.55 25
1464.75 5
1465.35 35
1465.55 18
1465.60 24
1466.25 27
1467.00 48
1467.10 28
1468.25 11
1468.75 2
1468.80 26
1469.15 1
1469.90 7
1471.15 14
1471.50 49
1471.70 37
1471.85 21
1472.75 10
1472.80 15
1473.70 8
1475.20 39
1475.55 3
1475.80 19
1476.95 46
1477.00 33
1477.10 38
1477.15 4
1477.15 29
1477.45 40
1478.00 31
1478.00 32
1478.25 12
1479.85 5
1479.85 18
1480.65 25
1480.70 2
1481.80 28
1481.85 16
1481.95 44
1482.00 11
1482.45 20
1482.55 6
1482.55 40
1482.80 23
1483.00 46
1483.95 36
1484.95 35
1485.00 47
1485.05 14
1485.05 41
1485.30 10
1485.30 21
1485.50 13
1486.55 24
1486.60 43
1488.95 39
1489.20 27
1489.45 22
1490.30 19
1490.35 31
1492.50 9
1492.80 41
1492.90 5
1494.30 25
1494.45 10
1494.45 45
1494.75 30
1495.00 33
1495.40 28
1496.15 44
1497.50 40
1497.65 4
1497.90 11
1498.35 7
1498.55 18
1498.75 0
1499.30 35
1499.75 27
1499.80 2
1500.35 31
1500.35 37
1500.60 1
1500.60 48
1501.05 5
1501.75 3
1501.75 43
1502.00 46
1503.45 36
1505.55 21
1505.60 33
1507.90 22
1508.60 45
1511.75 17
1512.20 16
1512.55 26
1513.20 49
1514.25 28
1514.55 48
1515.85 12
1516.45 18
1516.70 10
1517.40 23
1518.05 36
1518.75 3
1518.85 38
1519.40 13
1519.90 9
1520.05 11
1521.05 2
1521.15 24
1521.60 5
1521.70 19
1522.15 4
1522.30 21
1522.45 46
1522.60 16
1523.05 20
1523.70 43
1524.20 27
1524.85 15
1525.05 39
1526.10 1
1526.50 8
1526.70 48
1527.15 0
1527.15 10
1527.25 40
1527.70 49
1528.05 30
1529.55 33
1530.05 37
1530.40 31
1530.55 18
1531.40 47
1531.85 7
1533.35 40
1534.10 22
1534.45 48
1536.55 35
1537.00 21
1537.25 46
1537.50 43
1538.40 20
1539.65 48
1540.55 19
1542.10 27
1542.60 18
1543.10 32
1543.30 43
1543.55 38
1545.20 48
1546.80 3
1546.95 24
1547.10 14
1547.40 36
1547.45 39
1548.25 40
1548.70 33
1548.90 6
1548.95 10
1550.20 22
1551.70 1
1552.10 8
1553.05 18
1553.10 47
1553.50 31
1553.60 21
1554.15 37
1554.45 11
1554.85 13
1555.15 38
1556.05 30
1556.55 48
1556.75 40
1556.85 33
1557.00 0
1557.65 27
1557.80 19
1558.70 7
1559.55 46
1559.95 15
1560.25 14
1560.95 28
1561.30 23
1561.80 5
1562.05 3
1562.60 43
1563.35 22
1563.70 35
1563.95 39
1565.85 24
1568.35 27
1568.40 46
1568.80 26
1569.60 18
1569.70 3
1570.30 17
1571.30 48
1571.35 49
1572.25 6
1573.45 31
1573.70 16
1574.40 40
1574.55 21
1575.10 10
1575.25 25
1575.75 33
1576.50 5
1576.55 14
1576.85 7
1577.10 48
1577.40 27
1577.45 28
1578.05 20
1578.45 23
1578.55 11
1578.75 8
1578.85 43
1579.25 40
1579.55 45
1579.90 38
1581.25 1
1582.15 49
1582.30 18
1582.75 15
1583.70 0
1585.20 47
1585.35 32
1587.45 37
1587.90 25
1588.80 3
1591.05 34
1591.65 12
1592.10 9
1593.00 10
1593.65 24
1593.95 39
1594.20 41
1594.70 38
1595.15 46
1595.30 48
1595.50 4
1595.65 31
1596.15 26
1597.50 36
1597.70 45
1597.85 8
1598.50 23
1598.85 30
1598.90 40
1599.75 49
1599.90 43
1600.45 2
1601.15 14
1601.70 44
1603.20 11
1603.45 7
1603.60 5
1604.45 27
1606.80 12
1607.05 33
1609.85 0
1611.35 29
1611.45 17
1612.30 44
1612.70 21
1613.40 10
1614.60 24
1615.65 36
1616.70 16
1617.10 41
1617.20 47
1617.25 43
1617.75 31
1617.75 35
1617.85 38
1618.85 13
1619.20 25
1619.30 46
1620.05 49
1620.80 19
1621.30 14
1621.35 40
1621.40 3
1621.75 7
1622.35 27
1622.60 18
1624.35 48
1624.60 21
1625.20 2
1625.20 5
1625.25 10
1626.40 28
1628.50 37
1628.60 30
1629.10 40
1630.30 33
1630.50 11
1631.10 38
1631.15 24
1632.75 35
1633.10 12
1633.65 39
1634.25 43
1634.60 46
1635.20 48
1635.35 10
1636.80 31
1637.25 36
1637.75 22
1638.60 40
1639.30 27
1639.30 45
1639.45 49
1639.80 1
1642.40 14
1642.40 44
1642.80 28
1643.00 8
1644.70 35
1645.00 2
1645.90 47
1646.40 3
1646.45 18
1646.70 21
1646.80 24
1647.65 11
1648.30 40
1648.75 0
1649.25 36
1649.30 5
1649.60 13
1651.45 6
1652.35 7
1652.65 25
1652.90 33
1653.75 16
1653.90 9
1654.15 48
1654.25 20
1654.25 31
1654.40 29
1654.55 12
1655.00 45
1655.40 10
1655.50 37
1656.80 43
1657.15 41
1657.35 11
1657.40 15
1658.65 44
1658.70 39
1660.25 27
1662.30 13
1662.50 34
1662.95 18
1663.45 4
1664.15 35
1665.10 28
1665.25 32
1665.90 49
1666.10 2
1666.90 3
1667.35 24
1667.50 5
1668.15 36
1668.80 30
1668.80 40
1669.50 43
1669.95 10
1670.15 47
1670.50 33
1671.25 48
1671.70 41
1674.10 11
1676.00 21
1676.05 12
1677.50 23
1677.60 8
1678.30 19
1678.70 49
1678.85 25
1678.85 31
1678.95 14
1679.95 44
1679.95 48
1680.70 6
1680.90 27
1681.40 40
1682.80 47
1685.75 43
1686.85 19
1687.10 18
1688.05 38
1688.85 22
1689.30 20
1690.15 13
1690.50 2
1691.35 17
1691.55 27
1692.70 9
1693.10 48
1693.15 10
1693.25 44
1693.35 4
1694.25 39
1694.40 15
1694.90 28
1695.65 3
1696.25 37
1696.35 25
1696.70 21
1696.75 33
1696.90 46
1697.45 47
1698.25 40
1699.45 36
1701.45 29
1701.80 38
1702.40 44
1702.70 8
1702.90 5
1703.15 14
1703.40 11
1704.05 45
1704.65 43
1705.70 16
1707.90 41
1708.40 28
1708.55 30
1708.60 48
1708.75 0
1710.00 24
1711.05 2
1713.55 39
1715.20 4
1715.35 49
1715.65 46
1715.80 17
1716.25 43
1716.40 14
1716.95 18
1717.00 42
1717.25 23
1718.30 31
1720.65 33
1721.10 12
1721.70 10
1723.10 40
1723.75 3
1724.05 19
1724.95 37
1725.30 11
1726.40 38
1726.90 41
1727.70 27
1729.25 4
1729.25 48
1730.10 35
1731.70 31
1733.45 8
1734.00 19
1734.15 7
1734.75 21
1735.05 39
1736.00 45
1736.30 1
1736.85 42
1737.55 44
1737.70 47
1738.05 24
1738.35 43
1738.50 10
1738.50 33
1739.55 11
1740.05 2
1740.35 40
1740.45 5
1741.95 14
1742.20 20
1742.35 48
1742.45 27
1742.45 44
1745.00 28
1746.10 30
1747.55 43
1747.85 17
1748.40 15
1748.80 3
1749.95 49
1751.05 10
1751.50 36
1751.70 46
1752.10 19
1754.15 24
1754.40 25
1755.55 43
1755.70 2
1755.75 7
1756.45 46
1756.55 27
1758.00 4
1758.25 31
1758.70 21
1759.55 8
1760.50 48
1760.65 12
1762.70 38
1762.90 39
1763.30 36
1763.70 23
1764.25 6
1764.35 34
1764.40 37
1765.30 9
1765.35 33
1765.45 41
1765.60 22
1766.05 44
1766.65 14
1766.90 46
1766.95 27
1767.00 16
1767.40 10
1767.60 47
1767.75 8
1768.00 40
1768.20 11
1768.30 48
1768.45 21
1769.35 18
1769.35 19
1769.60 3
1770.30 44
1770.90 28
1771.30 5
1772.20 31
1773.10 2
1775.40 43
1775.45 30
1776.10 42
1777.90 48
1778.90 13
1779.50 10
1779.55 35
1779.80 19
1780.50 33
1780.65 24
1782.10 14
1782.60 1
1783.05 49
1783.45 27
1785.30 5
1786.00 41
1786.40 38
1786.90 17
1787.45 39
1787.50 0
1787.70 22
1788.20 47
1789.10 36
1789.15 18
1789.25 11
1789.85 23
1790.35 25
1791.55 43
1791.65 40
1791.70 16
1792.15 12
1792.65 34
1792.90 31
1793.20 28
1793.85 48
1794.00 45
1795.05 14
1795.10 9
1796.95 33
1797.45 44
1797.70 27
1798.70 37
1799.85 2
1800.50 8
1802.00 4
1803.65 3
1804.05 36
1804.65 30
1805.35 13
1807.50 21
1808.00 44
1808.20 38
1808.50 1
1809.20 11
1809.20 18
1809.25 16
1809.65 42
1810.40 37
1810.90 49
1811.05 48
1811.55 47
1812.80 10
1812.90 25
1814.00 40
1815.10 31
1815.45 28
1815.80 20
1817.25 33
1819.55 19
1819.75 27
1820.60 48
1821.25 23
1821.30 7
1821.50 36
1821.85 8
1822.10 46
1823.15 9
1824.10 18
1824.95 11
1825.85 38
1826.20 43
1826.45 10
1827.20 39
1827.85 29
1828.25 14
1829.25 24
1829.60 46
1831.30 40
1831.80 31
1831.85 5
1832.55 33
1832.90 27
1833.95 0
1835.75 4
1835.80 26
1836.60 37
1837.20 20
1837.25 1
1837.60 14
1838.05 36
1838.20 23
1838.20 48
1838.75 40
1839.80 43
1840.45 21
1840.85 10
1840.90 8
1841.45 33
1842.00 18
1842.35 2
1842.85 31
1843.30 11
1843.50 28
1843.65 5
1843.80 44
1843.90 43
1844.10 48
1844.45 32
1845.00 24
1846.65 15
1846.80 20
1846.85 40
1847.10 13
1847.75 3
1847.95 46
1848.30 30
1849.30 43
1850.20 19
1851.05 4
1851.95 8
1852.45 7
1852.80 38
1853.15 36
1853.50 49
1854.30 10
1854.80 31
1855.80 27
1856.10 44
1856.15 46
1857.65 29
1858.30 14
1858.35 37
1858.70 40
1859.55 33
1859.60 18
1859.70 47
1860.70 24
1860.85 5
1861.65 3
1862.35 16
1862.45 2
1863.55 9
1864.80 48
1865.35 7
1865.80 25
1866.10 39
1867.20 44
1867.50 30
1867.90 45
1868.40 46
1869.10 35
1869.35 28
1869.90 43
1870.25 8
1870.80 11
1872.10 38
1872.60 36
1875.00 12
1875.85 1
1876.30 21
1876.90 49
1877.85 27
1878.60 17
1878.80 23
1878.85 34
1879.50 35
1879.75 15
1879.75 19
1879.90 40
1880.05 4
1880.05 33
1880.10 10
1881.10 8
1881.35 49
1881.85 48
1882.15 31
1882.45 14
1882.85 30
1883.35 43
1884.65 2
1885.65 38
1889.20 13
1890.85 48
1891.35 5
1891.65 7
1892.05 35
1892.50 8
1893.65 47
1895.00 9
1895.45 19
1895.70 3
1896.70 11
1896.75 36
1896.90 31
1897.20 21
1897.40 10
1897.85 44
1898.30 48
1898.60 16
1898.65 12
1898.70 23
1898.95 25
1899.20 27
1899.40 46
1899.80 40
1901.20 18
1901.80 8
1903.00 46
1905.25 43
1905.70 37
1906.80 4
1907.45 49
1910.05 15
1910.20 39
1910.70 38
1915.95 28
1916.05 40
1916.70 2
1917.55 46
1917.60 48
1918.50 36
1918.75 21
1918.80 26
1919.70 35
1923.60 14
1924.00 47
1924.20 19
1924.75 27
1926.20 30
1926.35 18
1927.40 33
1927.50 10
1928.10 36
1928.25 41
1928.45 20
1928.95 22
1929.30 32
1929.35 6
1929.50 48
1929.55 9
1929.80 39
1930.20 43
1930.60 40
1931.20 7
1931.35 1
1931.55 2
1931.70 24
1932.15 19
1933.30 37
1933.70 21
1935.60 13
1935.85 0
1935.95 5
1936.00 11
1936.15 10
1936.30 3
1936.50 41
1937.20 31
1937.50 49
1938.00 47
1939.10 18
1940.05 48
1942.05 33
1943.40 25
1945.00 43
1945.55 11
1946.50 23
1948.35 49
1948.55 27
1949.30 40
1949.80 46
1951.85 48
1955.35 32
1956.35 5
1956.35 36
1956.85 10
1958.80 21
1961.25 2
1962.45 20
1963.00 14
1963.75 38
1965.60 17
1965.75 40
1966.30 31
1968.15 7
1969.70 16
1969.95 24
1970.70 25
1970.75 5
1971.85 36
1972.00 33
1972.25 18
1972.80 40
1972.85 12
1973.15 46
1973.20 21
1973.65 11
1973.80 1
1973.85 3
1973.90 19
1973.95 45
1974.45 27
1974.75 8
1975.30 15
1975.60 35
1976.45 48
1979.30 4
1981.15 47
1981.20 38
1981.95 43
1982.00 10
1982.45 41
1983.30 31
1986.65 2
1986.90 0
1987.15 5
1988.45 8
1988.45 12
1989.15 32
1990.15 30
1990.30 23
1990.30 48
1990.95 9
1991.30 16
1991.45 40
1991.75 22
1993.25 42
1994.20 37
1995.00 36
1996.40 26
1997.15 21
1997.50 20
1998.20 14
1998.65 10
1999.50 33
1999.90 41
2000.40 45
2000.65 27
2001.00 28
2001.20 48
2001.30 32
2003.40 38
2004.50 5
2005.60 2
2005.80 1
2005.85 3
2006.75 13
2007.20 44
2008.00 39
2008.40 8
2009.30 47
2009.35 18
2009.75 40
2010.15 14
2010.40 30
2010.80 48
2011.20 37
2011.55 42
2012.05 36
2013.10 15
2013.55 11
2014.85 7
2015.25 31
2015.55 42
2016.30 34
2016.45 43
2017.60 19
2017.90 24
2018.90 45
2019.00 9
2019.50 47
2020.15 10
2020.25 14
2020.90 13
2021.45 40
2021.80 1
2021.85 25
2022.75 4
2022.90 27
2023.00 8
2024.45 35
2024.80 5
2025.85 3
2026.50 33
2026.55 37
2026.65 22
2027.10 26
2027.35 28
2027.60 10
2027.75 44
2028.00 29
2030.40 7
2030.50 13
2030.55 27
2030.65 18
2030.65 32
2031.95 11
2032.15 38
2032.15 46
2033.10 36
2033.50 40
2033.65 21
2034.35 49
2034.75 45
2035.15 48
2035.55 1
2036.65 8
2036.90 2
2037.25 43
2037.80 20
2037.85 3
2038.30 10
2038.55 14
2039.75 23
2040.15 31
2042.45 48
2042.70 26
2043.00 27
2043.40 18
2043.60 5
2043.60 45
2043.70 35
2044.05 49
2044.20 33
2045.65 24
2046.95 17
2047.90 11
2047.95 44
2048.00 1
2048.10 39
2048.20 40
2048.80 36
2048.95 19
2049.20 13
2050.15 15
2053.10 4
2053.15 24
2053.20 8
2053.80 9
2053.85 30
2054.00 38
2054.30 3
2054.90 37
2055.25 42
2055.65 21
2055.95 43
2056.15 40
2057.85 1
2058.10 5
2058.10 27
2058.10 36
2058.80 48
2059.50 10
2060.50 47
2061.50 14
2061.90 46
2062.05 17
2062.05 22
2063.50 38
2063.90 48
2064.15 31
2064.40 33
2064.65 40
2065.45 13
2066.25 21
2066.40 23
2066.60 12
2066.70 43
2067.55 11
2069.05 3
2069.05 35
2069.80 10
2070.00 48
2070.45 2
2070.70 42
2071.30 1
2071.45 36
2072.00 39
2072.25 14
2072.85 28
2072.95 45
2074.00 40
2074.20 18
2074.30 8
2075.75 37
2075.90 21
2076.00 49
2077.15 24
2077.15 42
2077.80 31
2078.15 25
2078.45 38
2078.95 33
2079.30 5
2080.00 10
2080.05 19
2080.75 32
2081.20 40
2081.35 20
2081.95 43
2082.50 16
2082.70 36
2082.95 8
2083.35 2
2083.50 30
2083.60 12
2084.70 29
2085.05 45
2085.75 13
2085.90 49
2087.10 35
2087.95 37
2088.10 21
2088.75 26
2088.95 7
2089.10 39
2089.40 43
2090.95 14
2091.15 4
2091.50 41
2091.55 20
2091.85 1
2091.90 44
2092.20 11
2092.75 8
2093.10 28
2094.30 30
2095.05 24
2095.10 43
2096.15 0
2097.80 19
2098.30 17
2098.30 29
2099.00 16
2099.70 3
2099.95 13
2100.10 27
2101.00 49
2101.35 48
2101.85 15
2102.90 10
2103.15 33
2104.00 23
2104.70 37
2104.75 44
2104.90 9
2106.10 5
2106.30 38
2106.45 11
2106.75 36
2107.60 1
2107.75 39
2108.10 8
2109.15 19
2109.30 26
2110.05 30
2110.20 2
2110.25 27
2110.40 44
2110.55 35
2110.65 49
2110.85 12
2111.00 43
2111.15 16
2112.05 40
2112.30 13
2112.50 18
2113.05 20
2113.30 48
2114.60 3
2115.00 4
2116.05 38
2116.05 47
2117.55 21
2117.75 31
2119.35 10
2119.40 23
2119.50 7
2119.65 36
2119.90 47
2120.50 37
2120.75 28
2120.80 46
2121.40 11
2122.00 41
2123.40 49
2125.05 43
2125.35 24
2125.50 34
2126.00 2
2126.50 3
2126.90 32
2127.30 5
2127.45 12
2127.55 33
2128.15 35
2128.55 49
2128.80 23
2129.05 11
2129.25 14
2129.60 6
2130.40 39
2130.85 48
2130.95 10
2131.40 7
2133.05 36
2133.45 43
2133.75 31
2134.20 9
2134.25 21
2134.80 27
2135.25 40
2135.40 47
2135.85 18
2136.80 8
2136.95 48
2137.90 26
2137.90 44
2138.25 19
2138.80 10
2138.95 38
2139.85 1
2141.10 28
2142.40 37
2142.65 25
2142.90 3
2145.40 36
2145.65 41
2147.25 20
2147.70 16
2147.90 33
2149.25 11
2149.70 24
2149.90 42
2150.10 32
2150.90 49
2151.15 13
2151.45 5
2151.45 22
2151.70 47
2152.55 44
2152.75 31
2153.15 17
2153.30 48
2153.65 10
2153.90 9
2154.10 40
2154.65 39
2155.40 19
2155.55 46
2156.30 41
2157.30 21
2157.35 35
2158.75 2
2159.45 18
2160.30 7
2161.10 12
2161.80 38
2162.10 3
2163.35 47
2163.60 40
2163.65 27
2164.35 23
2164.95 36
2166.75 44
2167.55 35
2167.70 14
2170.05 11
2170.10 10
2171.15 5
2171.85 7
2171.95 16
2173.25 25
2174.65 8
2174.95 31
2175.05 18
2175.15 37
2175.20 33
2176.00 39
2177.45 1
2177.80 0
2179.55 2
2179.70 40
2180.00 23
2180.00 41
2180.40 15
2180.90 4
2181.20 28
2181.35 11
2181.40 21
2181.45 26
2182.60 42
2183.00 9
2183.00 14
2183.85 30
2184.20 29
2185.70 18
2186.10 32
2186.50 12
2187.40 22
2188.15 40
2188.30 8
2188.80 27
2189.00 20
2189.65 35
2190.15 2
2190.15 5
2190.20 33
2190.70 10
2191.20 36
2191.55 19
2191.80 38
2192.60 25
2192.65 28
2193.50 3
2193.60 41
2194.00 44
2195.10 4
2195.25 47
2196.05 46
2196.15 40
2197.05 11
2197.15 13
2197.25 30
2198.05 27
2198.30 47
2198.90 1
2199.15 21
2199.35 48
2199.55 10
2199.65 41
2199.70 40
2200.60 36
2201.20 19
2202.00 47
2202.05 28
2203.90 22
2204.00 33
2204.85 6
2205.25 8
2205.75 5
2205.85 45
2206.20 47
2206.55 25
2207.00 14
2207.55 43
2207.80 31
2208.35 12
2208.60 0
2209.05 37
2209.15 48
2210.05 11
2210.15 3
2210.20 18
2210.65 23
2211.00 36
2211.25 20
2212.20 10
2212.75 13
2212.90 2
2213.40 27
2213.45 41
2213.55 28
2213.85 40
2213.95 35
2216.15 33
2218.30 30
2218.60 26
2219.05 45
2220.15 47
2220.30 18
2221.25 19
2222.25 5
2222.90 34
2222.95 41
2223.20 31
2223.25 9
2223.40 11
2223.70 12
2223.70 32
2224.00 13
2224.00 28
2224.05 36
2224.25 14
2224.55 3
2224.95 4
2225.00 48
2225.05 7
2225.10 10
2225.25 27
2226.25 39
2226.40 44
2226.45 2
2227.10 45
2227.15 24
2227.35 38
2228.15 43
2228.30 0
2228.45 26
2228.70 40
2228.90 25
2228.95 30
2229.10 1
2229.55 5
2231.05 35
2231.25 17
2231.70 47
2232.10 11
2232.25 41
2232.65 10
2232.95 3
2234.10 37
2234.30 19
2234.60 28
2235.00 36
2236.05 13
2236.50 22
2236.60 2
2236.65 16
2237.10 27
2238.00 33
2238.65 39
2239.05 6
2239.15 42
2239.35 48
2239.45 5
2239.60 18
2239.75 14
2242.75 11
2243.25 7
2243.65 23
2243.90 17
2244.60 40
2244.70 13
2245.00 47
2245.70 35
2246.10 24
2246.45 28
2246.60 36
2247.10 41
2247.90 20
2248.40 38
2248.50 22
2248.90 32
2248.95 45
2249.00 33
2249.15 3
2249.35 46
2249.90 40
2251.95 31
2252.20 29
2253.25 47
2254.05 19
2254.25 25
2254.40 27
2254.90 41
2255.90 40
2257.60 6
2258.90 26
2258.95 38
2260.20 43
2260.45 12
2260.65 14
2262.60 0
2263.10 44
2264.40 7
2264.95 10
2266.10 33
2266.45 35
2266.75 4
2266.90 31
2267.40 21
2268.00 3
2269.75 2
2270.00 30
2270.55 13
2270.70 1
2270.70 5
2271.05 41
2271.75 8
2271.90 11
2272.00 18
2272.15 6
2272.15 17
2272.20 34
2272.30 27
2273.60 48
2273.95 49
2274.80 28
2276.55 21
2277.45 7
2278.55 48
2278.60 39
2278.65 3
2279.20 22
2279.80 44
2280.25 24
2281.80 37
2282.00 13
2282.75 19
2284.20 33
2284.65 47
2284.90 4
2285.20 38
2285.45 43
2285.55 35
2285.85 40
2286.25 10
2286.65 8
2286.70 16
2287.00 1
2287.00 11
2287.70 27
2288.65 42
2289.20 36
2289.90 48
2290.70 31
2290.85 32
2291.00 49
2291.45 3
2293.00 19
2294.60 24
2295.30 14
2298.05 21
2299.15 34
2299.40 10
2299.70 48
2299.90 13
2300.70 12
2300.75 9
2301.95 31
2302.30 20
2302.40 15
2303.00 39
2303.25 35
2304.00 17
2304.70 27
2305.25 33
2306.35 48
2306.45 47
2306.85 25
2306.95 5
2306.95 46
2307.65 19
2307.95 10
2308.00 30
2308.70 23
2309.15 40
2309.50 28
2309.80 38
2309.80 43
2310.00 36
2310.50 11
2311.55 45
2311.75 2
2316.25 44
2317.85 8
2319.15 43
2319.45 24
2320.10 48
2321.00 40
2321.35 27
2322.30 15
2322.75 31
2323.10 42
2324.95 37
2325.10 28
2326.45 18
2326.50 1
2326.65 7
2327.50 19
2327.95 10
2328.10 30
2328.35 39
2328.85 4
2329.35 22
2329.95 5
2330.15 36
2330.25 48
2331.55 49
2331.90 3
2332.05 40
2332.45 27
2333.70 21
2333.95 12
2333.95 25
2334.25 32
2335.90 14
2336.05 45
2336.45 16
2337.05 35
2337.25 11
2337.40 46
2337.45 31
2337.80 33
2338.20 10
2338.55 48
2339.40 26
2339.85 8
2340.20 47
2341.75 38
2342.45 28
2343.45 19
2343.75 18
2344.05 1
2344.10 36
2344.15 9
2344.20 27
2344.40 43
2344.85 13
2345.45 49
2345.65 23
2345.85 5
2346.10 24
2346.10 48
2346.40 2
2346.40 15
2347.10 10
2348.00 40
2349.80 20
2350.15 31
2350.80 33
2352.20 17
2352.20 47
2352.35 8
2352.70 19
2354.25 22
2354.40 40
2354.70 36
2355.30 32
2355.65 7
2356.65 35
2357.85 45
2358.40 44
2359.25 3
2359.55 46
2359.95 41
2361.50 11
2363.35 42
2363.40 10
2363.60 21
2365.60 30
2366.10 7
2366.15 18
2366.70 0
2367.25 48
2368.75 45
2371.05 29
2372.60 38
2373.75 33
2374.15 49
2375.55 36
2375.75 31
2375.75 48
2376.00 43
2376.05 35
2378.10 5
2378.55 3
2378.85 8
2379.00 14
2380.60 37
2381.15 16
2381.30 44
2382.05 25
2382.50 21
2382.55 40
2382.75 19
2383.50 11
2385.50 33
2385.80 0
2385.80 27
2386.00 47
2386.40 5
2386.95 48
2387.05 10
2387.45 13
2387.70 43
2388.45 46
2388.65 6
2388.85 36
2388.90 17
2388.95 30
2389.50 39
2390.45 32
2390.45 37
2391.10 38
2391.10 48
2391.95 23
2392.00 4
2392.25 22
2392.60 14
2393.25 21
2393.60 43
2393.70 24
2394.20 40
2395.05 27
2396.95 28
2397.05 10
2398.70 19
2398.70 41
2400.50 31
2400.60 44
2400.90 37
2401.45 18
2401.65 25
2401.75 40
2405.20 7
2406.20 2
2406.30 34
2406.60 27
2406.65 41
2406.70 43
2407.60 47
2408.40 23
2408.80 49
2408.85 5
2409.65 35
2410.80 11
2411.50 24
2411.95 6
2413.80 32
2414.15 36
2414.55 39
2414.80 47
2414.95 21
2415.55 19
2415.55 44
2415.85 10
2416.15 33
2416.80 0
2416.80 49
2417.50 37
2417.80 30
2418.55 40
2419.00 27
2419.15 12
2419.65 5
2421.35 2
2421.45 44
2421.85 28
2422.65 11
2424.95 7
2425.30 48
2425.95 43
2426.55 3
2428.50 15
2428.90 21
2429.10 17
2429.30 38
2429.80 31
2430.35 8
2431.55 24
2431.90 23
2431.95 46
2432.50 29
2434.55 13
2434.85 1
2435.20 0
2435.30 4
2435.35 19
2435.65 16
2435.90 35
2436.05 25
2436.15 33
2436.30 30
2436.40 11
2436.45 12
2436.55 48
2436.80 47
2437.25 9
2437.65 2
2437.65 49
2438.00 36
2438.10 39
2438.20 28
2438.75 27
2438.90 18
2438.95 31
2439.35 26
2440.40 10
2440.45 22
2440.60 5
2440.95 21
2441.80 48
2443.65 20
2444.45 8
2444.70 33
2445.75 43
2446.00 14
2446.30 16
2447.00 17
2447.60 19
2447.95 39
2448.35 42
2448.75 38
2448.80 11
2448.80 47
2448.85 13
2448.90 24
2449.00 4
2450.40 44
2450.75 22
2451.00 10
2451.05 27
2451.65 7
2453.20 21
2453.50 40
2453.65 12
2453.70 23
2454.00 49
2456.35 31
2456.60 36
2457.10 37
2457.35 9
2457.85 14
2458.80 0
2459.05 11
2459.65 46
2460.60 49
2461.40 25
2467.75 40
2467.95 23
2468.25 17
2468.30 5
2469.30 36
2470.30 2
2472.25 4
2472.60 25
2472.65 34
2472.90 18
2474.10 11
2474.20 48
2474.40 40
2474.50 42
2476.20 20
2476.40 38
2477.40 10
2477.90 33
2477.95 3
2479.80 13
2479.95 46
2480.00 47
2480.65 40
2482.00 12
2482.85 27
2483.30 45
2484.85 22
2484.85 48
2485.40 36
2486.10 31
2487.15 43
2487.50 5
2488.70 46
2489.15 35
2490.00 48
2490.25 19
2491.15 11
2491.95 38
2495.45 8
2495.65 16
2496.05 15
2497.25 10
2497.90 30
2498.20 25
2499.00 45
2499.10 48
2500.95 39
2501.20 9
2501.20 27
2501.75 22
2502.10 49
2502.15 29
2502.90 43
2503.20 4
2503.25 40
2504.65 24
2505.10 46
2505.45 11
2505.50 15
2506.00 17
2507.05 18
2507.70 38
2508.15 48
2508.55 21
2508.90 14
2509.30 12
2509.40 28
2510.00 33
2510.90 19
2511.45 1
2511.65 36
2512.85 49
2513.10 3
2514.60 23
2515.00 43
2515.15 37
2515.70 35
2515.70 44
2516.50 11
2516.80 48
2518.15 31
2518.80 46
2519.80 26
2521.00 24
2521.05 25
2523.15 18
2523.60 10
2523.80 14
2525.95 27
2526.65 33
2527.35 30
2527.35 41
2527.95 0
2528.25 1
2528.90 40
2529.00 35
2530.00 3
2530.35 36
2530.60 11
2530.70 24
2531.75 16
2532.20 4
2532.30 7
2532.30 39
2532.50 5
2532.55 13
2533.15 42
2533.20 32
2533.40 47
2534.15 43
2534.20 48
2534.75 25
2534.90 20
2536.20 10
2536.25 14
2538.50 31
2538.80 19
2538.95 33
2539.60 18
2539.85 49
2539.95 27
2540.05 48
2541.35 11
2541.80 21
2542.20 2
2542.45 35
2542.90 48
2543.30 28
2543.45 23
2544.55 38
2547.95 40
2548.30 49
2548.40 9
2549.60 20
2550.00 3
2550.05 14
2550.80 33
2551.05 43
2551.15 36
2551.55 16
2551.75 37
2551.85 18
2553.15 19
2553.15 24
2553.30 47
2553.60 46
2553.70 13
2553.85 39
2555.65 48
2556.30 17
2556.35 5
2557.40 23
2559.55 11
2560.40 31
2560.40 40
2561.10 29
2561.45 8
2562.00 48
2562.10 10
2563.00 30
2564.30 27
2564.30 37
2564.60 20
2564.80 22
2565.60 1
2566.20 14
2566.95 47
2567.20 32
2567.20 49
2567.40 38
2567.50 28
2567.65 16
2569.05 43
2569.15 40
2570.25 13
2570.85 6
2570.90 2
2571.65 48
2571.75 36
2572.45 18
2572.55 3
2572.60 26
2572.65 7
2573.35 21
2573.55 19
2573.80 47
2573.90 46
2574.35 20
2575.55 10
2575.55 44
2575.60 31
2575.80 24
2577.65 40
2579.95 11
2580.80 43
2581.80 14
2583.55 27
2586.35 2
2586.50 39
2586.85 35
2587.00 15
2587.50 18
2588.10 48
2588.75 4
2591.00 30
2591.20 31
2591.25 42
2592.70 19
2593.20 33
2594.00 47
2594.05 17
2595.15 3
2595.90 1
2596.15 7
2596.50 39
2596.70 40
2597.00 48
2597.05 37
2597.10 41
2597.15 27
2597.20 21
2597.60 8
2598.00 38
2598.80 10
2598.90 13
2599.65 36
2600.50 40
2600.85 20
2601.10 47
2601.65 5
2601.75 14
2601.80 18
2602.85 32
2603.10 46
2603.45 9
2603.50 0
2603.60 28
2604.40 33
2605.00 23
2605.05 45
2605.90 48
2606.25 2
2606.65 19
2606.80 24
2607.90 1
2607.95 7
2609.85 15
2610.60 40
2611.30 16
2611.30 22
2612.60 44
2614.25 25
2614.45 10
2614.65 20
2614.65 37
2615.90 46
2617.80 27
2618.40 3
2619.35 43
2620.15 11
2620.80 49
2621.05 41
2621.95 36
2622.70 31
2623.85 2
2624.10 23
2624.70 6
2624.75 48
2625.00 47
2625.05 35
2625.35 38
2625.70 41
2625.85 33
2626.95 49
2628.10 27
2628.25 14
2629.90 19
2630.00 10
2631.00 5
2632.15 28
2634.00 23
2634.70 46
2635.05 30
2635.10 18
2635.40 31
2638.05 11
2638.60 25
2638.90 12
2639.05 1
2639.55 38
2640.30 40
2640.45 33
2641.30 45
2641.50 8
2641.65 15
2641.75 41
2642.65 5
2642.70 0
2642.80 49
2642.95 43
2643.25 24
2643.35 27
2643.95 39
2644.90 48
2645.35 36
2645.65 21
2646.05 14
2646.60 2
2646.75 17
2647.85 13
2647.90 22
2648.30 10
2649.10 31
2649.25 3
2649.75 48
2650.00 40
2650.70 33
2652.65 30
2653.00 28
2654.65 48
2654.90 41
2657.30 32
2659.00 7
2660.25 38
2660.30 36
2661.85 40
2662.25 11
2663.50 31
2664.55 21
2664.55 43
2665.65 18
2665.75 25
2666.20 19
2666.40 3
2666.45 22
2667.25 46
2667.35 15
2667.35 37
2667.45 35
2667.70 1
2667.75 48
2668.05 23
2668.45 20
2669.00 27
2669.65 2
2669.80 42
2669.90 49
2670.10 8
2670.80 4
2671.00 13
2671.90 12
2672.50 6
2673.20 33
2673.25 44
2673.40 10
2674.80 40
2674.95 22
2675.50 5
2675.55 43
2675.80 39
2676.10 30
2676.15 11
2677.60 19
2677.60 21
2677.85 7
2677.85 31
2678.30 41
2678.40 28
2679.20 14
2679.25 38
2681.25 49
2681.40 36
2681.75 10
2682.10 25
2682.30 18
2682.30 27
2682.75 33
2682.85 24
2684.25 46
2684.35 3
2685.20 40
2685.30 41
2685.90 31
2685.95 6
2686.25 9
2686.45 2
2686.45 23
2686.45 43
2687.15 48
2687.45 35
2688.25 11
2688.85 21
2689.05 12
2689.75 47
2691.20 14
2691.80 38
2692.15 41
2693.45 16
2693.80 3
2693.90 5
2694.60 1
2696.75 27
2697.40 19
2697.60 7
2697.85 32
2698.50 44
2698.75 45
2700.15 36
2700.45 4
2700.85 0
2701.25 31
2701.75 10
2701.85 39
2702.50 35
2703.35 11
2704.65 14
2704.70 24
2705.95 13
2706.10 43
2706.65 27
2706.95 22
2707.00 8
2707.40 38
2707.85 49
2708.35 16
2708.35 34
2708.90 12
2710.30 33
2710.30 44
2710.40 23
2710.50 1
2711.10 26
2711.25 48
2711.80 37
2711.80 43
2712.30 2
2712.50 40
2712.55 10
2712.70 18
2713.60 27
2714.75 21
2714.90 20
2715.65 46
2717.20 31
2717.50 28
2718.55 49
2719.65 48
2719.80 14
2719.90 39
2719.95 25
2720.35 11
2720.65 36
2721.70 15
2722.30 40
2722.55 7
2723.20 3
2723.40 19
2723.70 22
2724.90 46
2725.05 43
2725.25 45
2725.80 8
2726.20 1
2726.75 38
2727.15 10
2730.60 30
2733.75 9
2734.55 39
2734.65 27
2735.55 24
2736.60 18
2737.00 35
2737.35 13
2737.60 31
2737.90 44
2738.20 23
2738.25 4
2739.10 41
2739.15 11
2739.20 22
2739.40 48
2739.50 19
2739.60 37
2739.65 7
2740.15 3
2740.25 47
2741.45 16
2741.70 49
2741.75 43
2742.65 12
2742.80 21
2742.95 14
2743.15 28
2743.40 33
2744.35 5
2744.65 44
2745.45 15
2745.50 40
2745.80 10
2745.85 0
2747.05 46
2748.15 47
2749.00 2
2749.40 31
2749.70 7
2749.90 27
2750.05 6
2750.80 30
2751.05 19
2751.10 40
2751.55 34
2751.65 48
2752.00 3
2752.40 11
2753.65 44
2754.40 1
2754.75 18
2754.75 38
2756.40 39
2756.70 14
2757.10 24
2757.25 8
2757.35 36
2757.70 33
2758.85 5
2759.05 10
2759.15 42
2759.30 44
2759.80 29
2760.25 43
2760.85 37
2761.50 27
2762.60 41
2763.00 7
2763.20 18
2764.25 15
2764.65 48
2764.90 49
2765.60 0
2765.85 25
2765.95 31
2766.30 9
2767.00 1
2767.25 19
2767.85 35
2768.30 40
2768.35 13
2768.90 34
2768.95 36
2769.00 47
2769.90 21
2770.35 49
2771.20 27
2771.25 48
2771.35 33
2771.45 5
2771.70 26
2772.00 10
2772.45 43
2772.60 30
2772.65 14
2772.95 39
2773.45 46
2773.55 24
2773.85 40
2773.90 28
2774.20 17
2774.30 8
2774.55 2
2774.55 18
2775.10 11
2775.55 47
2775.75 48
2776.05 15
2777.80 49
2778.25 22
2779.80 1
2780.25 3
2782.15 43
2782.75 20
2783.65 36
2784.45 27
2784.90 33
2785.30 46
2786.25 40
2786.35 10
2786.75 18
2786.95 11
2787.35 13
2787.35 49
2788.75 48
2790.60 31
2790.65 14
2791.95 38
2793.10 6
2794.05 8
2794.05 15
2794.95 43
2795.85 23
2795.90 37
2796.40 12
2798.25 19
2799.20 16
2800.40 10
2800.50 49
2800.80 27
2800.85 25
2801.40 33
2801.45 24
2802.45 2
2803.65 8
2803.75 5
2803.80 4
2803.80 44
2805.05 30
2805.25 18
2805.45 17
2805.60 46
2805.90 43
2806.05 38
2806.55 40
2807.15 36
2807.20 48
2807.85 28
2808.35 21
2809.00 1
2809.00 11
2809.35 49
2809.60 0
2809.90 27
2810.30 39
2810.45 46
2811.50 40
2812.40 14
2814.30 7
2814.40 19
2816.15 24
2816.35 45
2816.80 40
2816.85 31
2817.35 35
2817.80 47
2817.95 3
2818.85 4
2818.85 15
2819.20 18
2819.35 48
2820.45 2
2820.55 0
2821.05 14
2821.20 46
2821.30 20
2822.95 40
2823.65 5
2824.00 38
2824.25 48
2824.55 27
2824.70 43
2825.35 28
2825.70 1
2825.75 25
2827.05 33
2827.90 46
2828.00 24
2829.30 11
2830.35 35
2830.65 21
2832.30 45
2832.55 32
2832.75 23
2832.95 49
2833.85 41
2834.15 10
2834.20 3
2834.30 14
2834.55 40
2835.40 19
2835.55 18
2836.05 9
2836.55 13
2837.35 7
2837.45 4
2838.30 36
2838.55 33
2839.15 8
2839.50 37
2839.80 49
2840.40 24
2840.40 44
2840.50 5
2840.50 43
2841.95 6
2842.80 35
2842.95 26
2843.30 28
2843.85 0
2844.20 47
2844.20 48
2844.85 1
2844.90 31
2845.00 3
2845.15 39
2845.45 14
2845.65 40
2848.60 10
2848.85 49
2848.90 18
2849.25 19
2849.25 48
2849.35 7
2849.55 15
2850.55 38
2851.20 27
2851.30 36
2851.80 22
2851.90 2
2852.65 48
2852.70 33
2852.70 43
2852.85 12
2853.15 21
2853.50 46
2854.90 9
2855.20 40
2856.10 11
2857.25 35
2858.00 19
2858.90 24
2859.25 10
2859.60 30
2859.60 49
2859.70 8
2860.25 1
2861.85 48
2862.05 14
2862.05 47
2863.10 33
2863.15 27
2863.65 38
2863.85 20
2865.00 21
2865.65 13
2867.30 31
2868.00 48
2868.20 23
2869.65 37
2870.90 28
2871.75 43
2872.05 39
2872.25 45
2873.25 32
2873.40 49
2874.60 40
2874.80 17
2874.85 7
2875.25 10
2876.00 15
2876.55 3
2877.15 24
2877.35 48
2878.30 8
2878.30 42
2878.35 12
2878.35 20
2879.65 38
2882.20 27
2882.20 31
2882.70 33
2883.15 42
2883.95 9
2884.80 18
2885.25 43
2885.75 13
2886.60 11
2887.20 36
2888.15 21
2889.95 5
2890.30 46
2891.45 27
2894.45 28
2894.50 1
2894.70 14
2894.80 48
2895.10 49
2895.25 38
2895.60 25
2895.70 3
2896.20 9
2899.15 31
2900.70 40
2901.60 26
2902.05 21
2904.30 17
2905.55 44
2905.60 47
2905.65 10
2905.80 36
2906.25 40
2906.60 19
2906.90 8
2907.35 45
2908.80 27
2909.45 33
2909.70 14
2911.05 0
2911.45 42
2913.00 43
2913.35 39
2913.50 45
2914.05 28
2914.95 1
2915.15 2
2915.50 29
2916.80 7
2916.85 15
2916.85 46
2917.00 22
2917.70 5
2918.30 36
2920.30 43
2920.35 4
2920.85 31
2921.00 48
2921.95 10
2922.35 42
2923.25 24
2924.10 25
2926.90 38
2927.15 20
2929.05 30
2929.20 37
2930.45 9
2931.15 11
2933.05 8
2933.40 43
2933.55 18
2933.95 41
2934.05 33
2934.25 48
2934.40 27
2935.80 15
2935.85 40
2937.35 0
2937.60 35
2937.80 1
2938.25 32
2938.85 48
2940.20 36
2940.40 3
2943.00 45
2943.90 2
2944.55 20
2945.20 39
2945.80 37
2945.85 42
2946.10 43
2946.70 11
2947.05 22
2947.15 29
2948.85 28
2949.60 31
2949.80 33
2950.30 6
2950.30 17
2951.45 13
2951.75 4
2951.85 8
2952.15 23
2952.40 14
2953.70 12
2954.40 25
2954.40 26
2954.70 18
2954.75 34
2955.00 44
2955.80 21
2955.85 15
2956.30 40
2956.70 49
2958.10 24
2958.50 38
2958.80 35
2959.25 46
2959.55 9
2959.60 27
2960.75 39
2961.50 29
2962.20 10
2962.30 5
2962.45 7
2963.75 37
2965.15 2
2965.50 41
2965.95 47
2966.20 6
2966.35 0
2967.55 30
2968.35 11
2969.95 35
2970.40 18
2971.85 48
2973.30 12
2973.45 1
2973.70 16
2975.25 28
2975.25 38
2975.50 32
2977.40 45
2977.80 10
2977.80 25
2977.85 48
2977.90 49
2978.70 21
2979.10 9
2979.35 8
2979.60 31
2980.65 27
2980.75 36
2980.85 15
2980.85 44
2981.25 33
2981.25 47
2982.90 37
2983.80 24
2984.05 39
2984.20 11
2984.25 40
2984.70 17
2985.20 13
2985.60 5
2985.85 23
2986.15 10
2987.50 47
2987.70 19
2988.00 8
2988.60 43
2989.55 44
2989.75 7
2989.80 36
2990.55 25
2991.55 40
2992.60 4
2992.85 38
2993.70 46
2994.35 33
2995.35 31
2996.20 41
2996.40 29
2996.75 18
2997.25 0
2997.25 43
2997.45 20
2997.80 48
2998.10 14
2998.40 11
2998.90 40
2999.00 3
2999.20 19
2999.60 27
3000.90 5
3002.55 36
3003.30 46
3003.75 47
3003.80 13
3004.05 48
3004.25 21
3004.70 1
3004.85 16
3005.05 35
3006.85 28
3007.25 33
3007.50 40
3007.75 10
3009.65 18
3009.70 43
3010.70 49
3011.20 31
3011.50 15
3012.00 48
3013.75 25
3013.95 38
3015.10 21
3015.95 5
3016.75 27
3017.05 23
3017.15 22
3017.20 19
3018.75 9
3019.00 24
3019.15 3
3021.20 44
3021.45 35
3021.75 49
3021.80 46
3021.95 37
3022.30 28
3022.50 11
3022.85 21
3024.45 36
3024.50 7
3025.60 43
3025.65 39
3025.85 33
3025.95 8
3026.00 19
3027.05 2
3027.30 14
3027.80 48
3028.35 1
3029.05 40
3030.25 17
3030.60 21
3032.85 46
3033.15 20
3033.40 35
3033.65 25
3033.90 0
3034.30 38
3036.65 16
3036.90 7
3037.05 40
3037.60 30
3038.20 43
3039.20 13
3039.40 1
3039.40 33
3039.55 11
3039.70 12
3039.75 3
3040.30 19
3041.55 4
3041.65 15
3041.90 10
3042.00 6
3042.00 21
3042.25 23
3042.40 27
3042.75 32
3042.80 40
3043.65 48
3044.15 14
3044.30 22
3044.50 18
3044.85 5
3045.10 46
3046.00 42
3046.10 31
3046.95 36
3048.55 30
3049.70 39
3050.30 47
3050.65 35
3050.70 37
3050.75 1
3050.90 38
3052.65 11
3052.70 43
3052.80 28
3052.95 19
3053.15 0
3054.00 48
3054.60 7
3054.85 27
3055.10 31
3055.85 10
3056.60 33
3056.70 8
3056.90 18
3057.05 25
3057.80 5
3057.85 3
3058.25 45
3058.35 41
3060.10 21
3060.15 29
3060.60 37
3060.65 30
3061.25 44
3062.45 40
3066.10 41
3067.50 22
3069.55 11
3069.85 0
3070.15 5
3070.70 24
3071.35 2
3071.85 47
3073.30 14
3073.45 19
3073.65 9
3075.30 43
3076.40 32
3077.05 27
3077.30 12
3077.40 33
3077.45 25
3077.65 30
3081.50 11
3081.95 15
3081.95 47
3082.25 44
3082.40 46
3082.45 17
3082.95 4
3083.25 38
3083.35 23
3083.75 49
3083.80 41
3084.15 18
3084.70 40
3085.15 43
3085.80 10
3086.20 36
3086.30 5
3086.30 6
3086.75 19
3086.95 21
3087.70 28
3088.15 0
3088.30 33
3088.40 34
3088.45 2
3088.65 16
3089.10 14
3089.40 45
3089.45 26
3089.85 1
3090.35 48
3090.45 29
3091.25 40
3091.70 7
3093.05 5
3093.30 8
3094.10 27
3094.75 37
3095.00 3
3095.70 11
3095.85 22
3096.35 48
3097.30 46
3098.20 43
3098.65 19
3099.55 24
3099.90 13
3100.25 36
3101.20 47
3102.05 18
3102.45 12
3102.80 45
3103.00 48
3104.00 23
3104.80 40
3105.05 38
3105.85 25
3106.40 31
3106.85 11
3108.25 27
3108.35 33
3108.65 1
3108.65 43
3109.40 21
3109.60 35
3109.65 10
3110.85 40
3111.75 3
3111.80 30
3113.00 46
3113.50 5
3113.60 8
3117.35 19
3117.60 23
3117.70 28
3118.35 33
3118.60 2
3118.65 24
3118.95 15
3119.15 22
3119.20 20
3119.30 49
3120.25 27
3120.50 4
3120.55 46
3120.75 12
3121.00 0
3121.15 44
3121.20 41
3121.95 10
3122.30 38
3122.65 8
3122.70 36
3123.80 40
3123.90 11
3124.05 7
3124.30 1
3124.55 39
3124.90 31
3125.40 25
3126.00 43
3126.05 21
3126.70 48
3127.00 24
3127.00 41
3128.15 40
3129.25 14
3129.25 35
3129.30 19
3129.85 45
3130.10 42
3130.85 18
3132.25 27
3132.45 48
3132.95 5
3133.10 0
3133.40 47
3134.65 33
3136.30 28
3136.45 37
3136.65 36
3137.25 38
3137.60 2
3137.65 13
3138.45 45
3139.45 10
3139.45 24
3139.90 3
3140.35 31
3140.80 30
3140.80 40
3141.70 35
3141.95 17
3142.00 41
3142.30 12
3142.60 49
3142.65 43
3142.85 42
3143.20 1
3143.30 48
3143.50 27
3143.90 25
3143.90 47
3144.05 19
3145.30 11
3146.00 33
3146.30 18
3146.40 7
3146.95 40
3147.30 28
3147.70 45
3148.50 26
3148.80 46
3151.90 31
3152.05 38
3153.50 10
3153.90 39
3155.25 21
3155.50 14
3156.60 22
3156.70 37
3158.30 11
3159.40 5
3159.95 20
3160.35 8
3160.95 4
3161.15 28
3161.40 6
3163.45 9
3164.15 30
3164.50 29
3164.90 25
3165.20 41
3165.40 1
3165.50 2
3165.55 38
3165.65 23
3165.95 15
3165.95 35
3166.65 39
3166.80 43
3166.90 44
3167.35 48
3167.70 10
3169.05 13
3169.40 3
3169.45 46
3169.70 27
3169.95 40
3169.95 49
3170.00 18
3171.80 24
3172.30 33
3173.40 31
3173.95 7
3175.20 8
3176.15 2
3176.15 40
3176.70 30
3176.85 6
3177.55 35
3177.70 12
3177.80 4
3177.90 43
3177.95 47
3178.00 22
3178.15 21
3178.20 5
3178.80 41
3179.00 46
3180.20 14
3180.60 28
3180.85 48
3181.10 36
3181.40 11
3182.95 17
3184.00 10
3185.50 49
3188.10 2
3188.20 38
3189.05 21
3189.30 19
3189.85 39
3190.05 32
3191.40 47
3192.90 13
3194.55 3
3195.00 5
3195.00 33
3195.65 9
3196.60 0
3196.65 36
3196.95 7
3197.30 24
3197.65 34
3197.80 44
3197.95 27
3198.50 31
3199.00 15
3199.25 25
3199.95 11
3200.25 22
3200.30 43
3200.35 49
3200.50 21
3200.70 1
3200.75 18
3201.15 46
3201.20 23
3201.30 35
3201.35 48
3201.65 10
3204.30 39
3204.60 2
3204.95 32
3205.55 14
3206.35 42
3206.90 16
3207.10 43
3207.30 19
3209.60 20
3210.45 27
3210.90 47
3211.40 5
3211.60 17
3211.85 0
3212.45 24
3212.70 10
3213.55 4
3213.65 28
3213.90 48
3213.95 30
3214.05 8
3214.20 49
3214.35 22
3214.95 33
3215.10 9
3215.35 36
3215.70 31
3216.10 7
3216.30 11
3216.80 45
3216.85 13
3217.00 6
3217.25 35
3217.85 40
3219.05 15
3219.50 38
3219.60 39
3221.45 37
3221.45 48
3221.60 14
3223.00 40
3223.20 43
3223.35 18
3224.35 45
3224.90 24
3225.05 5
3226.55 2
3228.00 20
3228.90 3
3229.10 28
3229.65 33
3229.70 27
3231.05 23
3231.15 45
3231.75 10
3231.75 44
3231.90 40
3232.05 11
3232.45 42
3232.60 48
3233.10 21
3233.15 29
3234.30 8
3234.70 1
3234.85 37
3236.55 0
3236.75 39
3237.20 35
3238.40 31
3238.80 28
3239.35 22
3240.45 14
3240.60 25
3240.80 44
3241.15 24
3241.70 33
3242.90 49
3243.10 40
3243.85 5
3243.95 6
3244.30 42
3244.45 11
3245.45 46
3245.80 36
3246.50 17
3247.75 12
3248.05 13
3249.55 21
3249.65 3
3251.30 1
3251.30 33
3251.55 10
3251.65 15
3252.35 41
3252.65 39
3252.70 2
3252.90 27
3253.35 40
3253.55 45
3253.80 47
3253.85 14
3254.10 43
3254.25 31
3254.35 48
3254.45 19
3254.80 35
3255.55 0
3257.20 34
3257.30 24
3257.55 5
3257.80 8
3258.30 28
3259.00 4
3261.05 42
3262.35 9
3262.95 36
3263.05 30
3263.35 22
3264.50 18
3265.05 12
3265.50 11
3266.15 2
3266.55 26
3266.60 35
3266.85 1
3267.10 28
3267.30 43
3267.45 49
3267.85 38
3267.90 40
3268.30 32
3268.55 21
3268.55 31
3268.80 37
3268.95 27
3269.00 48
3269.25 0
3269.45 20
3270.10 5
3270.10 33
3270.25 13
3270.25 47
3270.80 39
3271.25 14
3271.25 43
3271.45 8
3271.90 10
3271.95 3
3273.70 17
3273.75 44
3273.75 48
3275.15 18
3279.15 37
3279.40 0
3280.00 33
3280.45 31
3280.45 46
3281.50 7
3281.95 19
3282.55 49
3282.85 41
3283.35 1
3284.00 4
3284.10 21
3284.15 14
3284.25 11
3284.65 10
3285.50 48
3285.55 16
3285.70 24
3286.30 2
3287.25 40
3287.85 47
3287.95 23
3288.00 39
3288.05 12
3288.30 25
3288.85 35
3289.95 13
3289.95 31
3290.25 18
3290.50 38
3291.50 27
3291.50 44
3292.70 22
3292.90 36
3293.05 33
3293.40 9
3293.45 19
3294.00 5
3294.85 29
3295.35 48
3295.40 44
3295.70 8
3295.70 49
3296.50 43
3296.80 3
3297.55 7
3297.65 11
3300.55 21
3300.70 10
3302.10 46
3302.50 31
3303.55 1
3303.70 40
3304.80 28
3305.05 42
3306.60 35
3307.00 27
3309.10 24
3309.60 25
3310.10 18
3310.45 48
3310.55 12
3310.85 10
3312.50 43
3314.00 11
3314.05 33
3314.85 19
3315.50 31
3315.60 14
3315.75 39
3318.15 7
3319.80 20
3320.00 27
3320.70 1
3321.00 45
3322.25 15
3322.30 38
3323.35 13
3323.80 5
3323.85 28
3324.40 30
3324.60 3
3324.65 23
3325.15 4
3325.85 35
3326.05 45
3326.20 21
3326.25 37
3326.65 25
3326.95 17
3328.65 11
3328.70 32
3328.75 29
3328.75 36
3329.30 0
3329.40 18
3329.80 43
3329.90 42
3330.15 34
3330.35 39
3330.90 2
3331.20 49
3331.50 8
3333.25 16
3335.00 27
3335.10 48
3335.50 13
3335.90 33
3336.10 28
3336.15 15
3336.15 42
3336.85 30
3338.15 35
3338.40 22
3338.45 17
3339.10 25
3339.10 37
3339.65 31
3339.75 41
3340.55 38
3340.80 45
3341.30 49
3341.35 19
3341.70 6
3342.70 36
3342.75 40
3343.10 10
3343.45 14
3343.95 21
3344.70 1
3344.90 11
3344.95 44
3345.05 20
3345.65 49
3345.70 5
3345.95 2
3346.25 23
3346.45 13
3346.50 3
3347.95 4
3348.00 27
3349.10 25
3349.40 47
3349.55 9
3349.95 33
3351.00 43
3351.20 40
3351.80 44
3353.65 24
3355.55 13
3355.95 37
3356.50 38
3356.60 5
3357.85 31
3358.00 21
3358.45 10
3359.75 39
3360.25 18
3361.25 29
3361.85 28
3362.60 14
3362.95 43
3363.60 41
3363.90 2
3364.10 6
3364.15 46
3367.00 31
3367.30 35
3367.50 4
3369.05 20
3369.25 36
3369.30 33
3370.30 27
3370.65 43
3370.80 10
3371.00 45
3371.70 44
3372.80 0
3373.40 30
3373.45 25
3374.35 37
3374.75 38
3376.85 40
3376.95 23
3377.15 2
3377.75 48
3378.55 5
3380.15 3
3380.55 22
3380.85 13
3381.85 21
3381.90 28
3383.30 31
3383.65 24
3384.00 16
3384.05 42
3384.25 41
3385.10 27
3385.65 10
3386.85 30
3387.10 18
3387.85 1
3388.50 39
3388.55 33
3389.45 35
3389.55 40
3390.35 21
3390.65 0
3391.45 48
3391.70 36
3391.75 5
3392.30 17
3392.65 44
3392.70 11
3394.45 28
3395.10 20
3395.75 14
3396.30 4
3398.30 19
3398.55 31
3398.85 33
3399.45 29
3399.50 9
3400.15 2
3400.45 7
3400.65 37
3400.85 8
3401.15 41
3401.45 21
3401.75 10
3402.80 44
3402.95 15
3403.45 5
3404.10 34
3404.80 25
3405.60 40
3405.80 28
3406.00 18
3406.25 39
3406.30 35
3407.00 41
3407.40 24
3408.05 11
3408.20 4
3408.70 31
3408.95 16
3409.50 36
3409.55 27
3409.85 2
3409.90 1
3410.20 38
3410.55 23
3411.15 21
3411.15 47
3411.85 44
3412.60 9
3413.15 26
3413.25 3
3413.45 19
3413.60 43
3413.80 40
3414.20 8
3414.40 30
3414.55 33
3414.90 7
3414.90 25
3415.45 44
3417.20 15
3418.30 10
3420.30 32
3421.55 13
3421.75 18
3421.85 2
3421.85 28
3423.35 31
3423.75 42
3423.75 43
3423.80 11
3424.80 1
3424.80 17
3425.00 21
3425.55 27
3426.80 5
3427.25 39
3427.35 36
3427.55 35
3427.65 37
3427.80 3
3429.00 49
3429.85 33
3430.30 45
3431.05 26
3431.85 28
3432.00 8
3432.75 48
3432.80 22
3435.75 40
3436.60 36
3437.20 42
3437.70 43
3438.15 10
3438.90 4
3439.50 20
3441.55 33
3441.85 48
3441.95 38
3442.25 31
3442.75 14
3443.70 2
3444.10 19
3444.75 11
3445.20 3
3446.55 28
3447.05 8
3447.50 27
3447.65 1
3448.05 44
3448.90 5
3449.20 7
3449.50 30
3451.35 45
3452.45 43
3454.10 36
3454.55 13
3455.35 11
3456.45 10
3456.65 34
3457.20 12
3458.10 18
3459.15 49
3459.45 44
3459.55 9
3459.90 25
3460.70 0
3461.00 43
3461.90 2
3462.15 27
3464.80 17
3465.80 39
3466.35 19
3467.30 24
3467.40 35
3467.70 31
3467.70 46
3467.80 15
3467.85 5
3468.15 23
3468.85 29
3469.90 42
3470.50 40
3471.20 33
3471.95 36
3473.40 28
3474.05 1
3474.95 2
3476.85 4
3477.55 49
3478.30 8
3483.35 3
3483.40 48
3483.80 40
3483.95 15
3484.25 25
3484.35 16
3485.15 10
3486.05 21
3486.35 7
3487.55 47
3488.45 38
3489.50 33
3490.70 49
3491.35 27
3491.50 20
3491.70 42
3492.00 31
3492.05 37
3493.15 5
3493.75 43
3493.80 44
3496.95 8
3499.00 21
3500.40 19
3501.70 13
3502.75 41
3503.40 47
3503.95 39
3504.35 18
3505.60 12
3506.45 46
3506.80 17
3506.85 33
3506.95 14
3507.75 49
3508.55 2
3509.00 31
3510.65 5
3511.65 34
3511.80 16
3513.75 15
3513.95 38
3514.50 43
3514.70 35
3514.90 4
3515.55 6
3515.55 7
3515.85 9
3516.15 40
3516.75 10
3517.65 39
3517.75 28
3517.95 19
3518.10 22
3519.20 24
3519.30 46
3519.75 27
3520.15 36
3520.15 44
3520.60 11
3521.05 30
3521.80 1
3522.20 8
3522.65 43
3522.70 48
3523.35 29
3523.70 21
3524.90 7
3525.25 42
3525.40 15
3526.25 32
3527.80 4
3528.55 38
3528.75 41
3529.55 40
3529.60 33
3530.45 39
3531.20 48
3531.35 3
3531.70 27
3531.70 31
3532.35 10
3532.70 8
3533.50 7
3534.35 35
3535.55 19
3536.25 12
3536.60 9
3536.85 47
3537.25 28
3537.25 30
3537.55 48
3538.15 20
3538.35 37
3539.55 45
3540.45 21
3541.00 36
3541.10 23
3543.70 40
3543.75 1
3544.20 22
3544.45 13
3545.10 45
3545.70 48
3546.25 31
3547.25 10
3547.40 43
3547.55 27
3547.60 2
3547.60 47
3549.80 40
3551.50 14
3552.45 37
3553.70 11
3554.10 39
3555.55 21
3555.65 42
3556.50 24
3556.95 20
3557.05 8
3557.25 0
3557.25 34
3557.30 18
3557.90 28
3558.05 3
3559.60 35
3560.20 17
3560.70 40
3561.95 48
3562.65 43
3562.75 36
3562.85 15
3563.85 33
3564.25 25
3564.60 49
3566.05 2
3566.70 9
3567.70 21
3570.40 5
3571.20 20
3571.65 13
3572.65 47
3572.70 19
3573.30 43
3573.60 11
3573.80 44
3574.10 28
3575.30 38
3575.55 30
3576.75 27
3576.75 46
3578.65 39
3579.45 14
3580.00 12
3580.40 4
3580.45 42
3580.95 31
3581.05 29
3581.30 0
3582.20 37
3583.00 5
3583.20 10
3584.35 41
3584.40 49
3585.00 44
3585.15 21
3585.85 3
3586.55 2
3587.30 35
3589.05 18
3589.20 38
3589.65 33
3589.90 8
3590.15 48
3593.05 49
3593.60 39
3596.00 19
3597.35 24
3598.00 27
3598.55 9
3598.65 7
3600.15 46
3601.30 11
3601.30 49
3601.50 21
3601.90 6
3602.50 14
3603.30 35
3603.65 36
3603.80 23
3604.10 43
3604.20 28
3604.35 5
3604.40 15
3604.50 31
3604.65 40
3605.60 12
3605.90 46
3606.25 13
3606.35 44
3606.70 33
3607.20 49
3608.65 41
3610.55 18
3610.70 27
3611.60 8
3611.80 3
3611.80 36
3612.55 7
3612.85 49
3614.65 38
3614.85 9
3614.85 14
3614.95 21
3615.15 2
3615.80 19
3617.10 12
3617.60 16
3618.15 43
3618.25 1
3618.30 44
3618.90 6
3619.45 4
3619.50 24
3620.20 40
3620.80 27
3621.60 10
3622.40 25
3622.85 5
3623.70 46
3624.40 34
3625.40 36
3625.85 19
3625.95 0
3626.65 2
3626.75 33
3627.00 47
3628.25 44
3629.00 31
3630.35 10
3630.65 28
3630.75 43
3630.95 38
3632.05 21
3632.60 35
3632.90 29
3632.95 39
3633.60 8
3633.85 18
3634.00 46
3634.25 25
3634.60 14
3634.65 15
3635.55 47
3635.80 41
3636.30 13
3636.40 5
3636.40 45
3636.65 9
3636.85 48
3639.30 33
3639.45 27
3640.50 11
3642.00 2
3642.30 44
3644.15 38
3644.25 43
3645.65 35
3646.00 23
3646.05 40
3646.95 36
3647.40 19
3648.75 37
3648.80 43
3649.45 24
3650.35 4
3652.00 10
3652.30 1
3652.55 15
3653.05 13
3654.45 21
3654.80 12
3655.00 22
3655.10 30
3655.95 31
3656.55 43
3656.65 44
3656.80 28
3656.90 33
3657.05 8
3657.55 32
3658.15 39
3658.20 7
3658.30 20
3658.85 18
3659.30 5
3659.75 14
3660.20 11
3660.20 40
3660.25 48
3660.75 17
3660.90 6
3661.20 34
3661.30 10
3662.10 43
3662.45 25
3663.15 27
3663.40 38
3664.60 19
3665.55 0
3666.20 2
3666.40 35
3666.45 3
3666.70 46
3666.85 31
3668.30 48
3668.70 33
3669.85 18
3671.05 49
3672.45 20
3673.15 21
3674.60 13
3676.15 24
3676.95 8
3677.40 47
3677.85 1
3679.05 37
3682.25 16
3682.90 14
3683.20 34
3683.30 39
3683.35 45
3683.70 18
3683.95 40
3684.20 5
3684.75 3
3685.05 48
3685.95 44
3686.80 22
3687.10 31
3687.40 36
3688.70 33
3689.50 6
3689.80 46
3690.25 2
3690.65 11
3690.95 10
3691.55 38
3692.10 28
3692.25 24
3692.65 43
3692.80 27
3693.35 49
3693.60 7
3693.75 41
3693.90 40
3694.15 13
3694.20 19
3697.15 35
3697.55 40
3698.35 31
3699.35 15
3700.05 44
3701.65 4
3702.95 42
3703.25 1
3703.95 12
3704.20 25
3704.35 5
3705.00 8
3705.35 9
3705.85 37
3705.90 14
3706.40 11
3707.20 40
3707.25 36
3708.20 21
3709.10 2
3709.70 33
3709.70 45
3710.65 43
3710.90 28
3711.65 38
3712.65 10
3713.05 40
3714.30 12
3714.95 7
3715.85 15
3715.95 27
3716.70 19
3717.05 11
3717.20 21
3718.00 44
3719.80 35
3721.15 40
3721.30 48
3721.55 31
3722.65 45
3725.45 38
3726.05 14
3726.70 24
3726.80 42
3727.40 13
3727.45 8
3727.55 44
3728.55 33
3730.65 36
3730.70 1
3731.75 28
3732.35 37
3733.20 3
3734.05 27
3734.05 45
3736.40 2
3736.70 15
3736.75 10
3736.75 39
3737.65 17
3737.80 31
3738.45 8
3738.75 44
3738.80 4
3739.40 5
3739.60 47
3739.95 25
3740.85 33
3741.65 46
3742.00 45
3742.05 21
3743.15 36
3743.25 43
3743.50 30
3743.90 44
3745.00 35
3745.20 34
3745.55 40
3745.70 14
3745.70 19
3746.70 49
3747.25 43
3747.75 11
3747.95 26
3749.25 27
3749.30 28
3750.40 33
3751.10 2
3751.35 43
3751.65 24
3752.05 0
3752.05 5
3753.00 42
3753.35 19
3753.85 38
3753.90 17
3754.65 18
3754.85 1
3755.25 40
3755.40 29
3756.05 37
3756.05 41
3758.05 30
3758.40 12
3758.45 14
3758.80 8
3759.50 40
3760.10 27
3760.30 21
3762.20 10
3762.20 25
3762.65 22
3762.80 35
3764.25 5
3765.60 28
3766.00 31
3766.55 2
3767.15 6
3767.45 41
3767.85 4
3768.20 47
3768.60 38
3768.75 3
3769.20 14
3769.70 39
3770.85 33
3770.85 36
3772.00 41
3772.80 30
3772.85 19
3772.95 40
3773.60 48
3774.00 26
3774.05 44
3774.40 1
3774.55 27
3774.70 43
3776.30 11
3776.50 10
3778.60 13
3779.00 9
3784.05 39
3784.10 24
3785.40 38
3785.50 5
3785.50 36
3785.85 28
3786.15 3
3786.55 27
3786.70 40
3786.80 31
3786.95 21
3787.55 19
3787.80 46
3788.00 44
3788.10 22
3788.35 18
3788.60 37
3788.60 47
3788.80 1
3788.95 14
3789.80 23
3790.40 33
3790.50 49
3790.70 0
3791.35 11
3792.10 29
3792.55 41
3792.85 47
3793.35 10
3793.40 43
3793.80 2
3794.90 8
3796.05 12
3796.70 25
3797.05 40
3797.75 38
3799.05 7
3799.25 41
3799.70 6
3800.75 43
3800.95 33
3802.30 27
3802.65 31
3802.95 14
3803.95 19
3804.15 48
3804.35 44
3804.55 21
3805.10 36
3805.65 5
3806.35 39
3806.70 10
3806.90 30
3809.05 47
3809.80 0
3810.90 32
3811.70 11
3812.00 42
3813.35 25
3814.40 1
3814.65 13
3815.00 14
3815.30 23
3816.30 27
3816.80 2
3816.90 40
3817.65 28
3821.60 4
3822.00 18
3822.25 3
3823.15 5
3823.20 42
3823.60 35
3825.30 33
3825.85 47
3826.00 11
3826.15 40
3826.35 8
3827.00 19
3827.65 49
3828.80 43
3829.35 21
3829.65 26
3831.10 6
3831.30 25
3831.80 15
3832.10 37
3832.70 43
3832.90 45
3834.25 38
3835.25 48
3835.50 39
3836.90 13
3837.20 10
3837.55 44
3837.70 17
3838.00 9
3838.15 30
3838.60 28
3838.60 36
3838.75 20
3839.45 27
3839.45 31
3840.85 16
3840.95 46
3841.10 5
3841.25 43
3841.50 49
3842.50 24
3842.55 14
3842.75 23
3843.15 48
3844.15 42
3844.25 49
3845.25 21
3845.35 40
3845.45 30
3845.70 10
3846.40 3
3846.70 11
3849.05 33
3849.20 35
3849.90 27
3849.95 4
3850.00 13
3851.00 7
3851.10 36
3851.95 1
3852.30 46
3853.35 43
3854.05 28
3854.60 44
3854.80 18
3855.15 25
3855.25 6
3855.60 20
3855.80 24
3855.90 49
3856.30 32
3856.75 31
3857.15 29
3857.55 3
3857.65 43
3857.65 46
3857.90 40
3858.10 19
3858.35 21
3858.35 39
3858.40 10
3858.60 2
3859.25 38
3859.45 48
3859.50 7
3859.95 27
3860.00 33
3860.20 14
3860.45 35
3861.25 8
3862.30 13
3862.55 46
3862.85 37
3864.80 15
3864.90 22
3866.35 12
3866.45 11
3867.20 48
3868.15 0
3869.45 19
3870.05 24
3870.45 28
3871.05 43
3871.20 27
3871.70 1
3872.85 30
3872.90 40
3874.45 48
3874.55 46
3874.80 31
3875.25 39
3875.70 17
3876.10 10
3876.55 3
3877.75 45
3877.80 35
3877.80 41
3878.45 32
3878.85 18
3879.25 25
3880.80 11
3881.55 24
3881.60 2
3882.15 28
3882.85 33
3883.90 49
3885.15 4
3885.15 44
3885.55 5
3885.55 23
3885.60 1
3885.75 36
3885.75 39
3885.90 7
3886.05 8
3886.40 19
3886.65 31
3887.30 16
3887.45 14
3887.80 21
3888.85 27
3889.25 48
3889.50 42
3889.60 34
3889.65 43
3890.40 10
3890.50 37
3890.55 49
3891.35 20
3892.25 44
3893.00 18
3893.45 38
3895.65 40
3895.95 2
3896.25 35
3897.10 17
3897.40 43
3897.50 15
3897.65 45
3897.80 33
3899.30 8
3899.65 0
3900.80 49
3902.05 42
3904.55 37
3906.30 19
3907.60 39
3908.40 4
3908.60 5
3908.65 21
3909.80 3
3909.85 9
3910.70 7
3910.70 46
3910.95 10
3911.85 18
3912.85 36
3913.25 30
3913.25 41
3913.90 27
3914.20 8
3914.45 38
3914.75 24
3914.95 40
3916.00 48
3916.05 12
3916.05 13
3917.45 15
3917.70 21
3918.35 33
3920.70 6
3921.40 35
3921.65 47
3921.95 2
3922.10 19
3924.00 31
3925.00 43
3925.40 3
3926.20 46
3926.30 34
3926.50 9
3926.65 0
3926.70 28
3927.10 5
3927.60 8
3927.90 44
3928.05 4
3928.20 36
3928.85 11
3929.05 14
3929.45 40
3929.55 41
3929.80 27
3930.10 48
3930.25 39
3930.35 7
3931.00 43
3932.30 31
3932.70 16
3932.70 46
3932.75 38
3933.05 21
3933.45 24
3933.95 10
3934.30 18
3935.05 22
3935.40 25
3935.55 19
3936.10 23
3936.80 2
3937.00 1
3937.45 49
3937.70 13
3937.70 40
3938.05 5
3938.35 35
3939.25 36
3940.00 33
3941.25 7
3942.10 6
3943.10 46
3943.35 21
3943.35 28
3944.05 27
3945.30 45
3945.45 4
3945.60 19
3945.70 41
3946.40 16
3946.80 40
3947.30 31
3947.55 3
3947.80 39
3948.45 48
3949.45 12
3949.50 22
3950.00 11
3951.30 15
3951.70 14
3952.20 10
3952.40 46
3952.50 37
3952.55 23
3953.05 43
3953.45 44
3955.25 29
3955.35 24
3956.25 27
3956.45 40
3956.50 0
3956.95 18
3958.40 35
3958.50 4
3958.55 2
3960.20 41
3961.05 33
3962.85 11
3963.50 40
3963.85 5
3964.05 13
3964.60 30
3964.75 26
3964.95 39
3965.30 19
3965.90 25
3966.60 38
3966.90 47
3967.15 45
3968.65 20
3969.55 36
3971.10 14
3971.45 22
3972.15 28
3972.55 2
3972.75 49
3973.15 24
3973.95 43
3974.05 0
3975.30 4
3975.55 7
3975.70 11
3976.50 3
3976.75 8
3977.00 41
3977.10 31
3977.15 27
3977.60 10
3978.30 43
3978.30 48
3979.10 33
3979.55 23
3979.60 40
3981.05 18
3981.50 19
3982.50 30
3982.75 1
3982.85 37
3983.20 48
3984.50 36
3986.40 44
3986.50 32
3987.05 39
3988.05 21
3988.35 16
3989.00 8
3990.55 38
3990.90 40
3991.25 35
3991.65 43
3991.85 11
3992.15 27
3992.40 4
3993.90 25
3994.50 42
3994.55 44
4000.00 17
4001.10 9
4002.05 8
4002.30 30
4002.80 24
4002.95 31
4004.10 39
4004.10 43
4004.90 18
4005.10 40
4005.15 1
4006.10 33
4006.35 49
4006.50 29
4007.40 3
4007.40 6
4008.70 7
4009.20 38
4009.20 48
4009.25 11
4010.85 21
4011.40 10
4011.60 37
4012.80 23
4012.95 28
4013.35 22
4013.95 49
4014.20 19
4016.20 47
4017.60 13
4017.85 2
4018.05 39
4018.80 14
4019.00 25
4019.65 3
4020.25 46
4021.10 49
4021.40 5
4021.55 43
4021.75 44
4022.65 16
4022.70 23
4022.85 48
4023.15 24
4023.35 27
4023.70 12
4024.85 40
4025.45 49
4027.25 36
4027.60 15
4028.30 33
4029.50 18
4029.85 19
4030.60 20
4031.10 7
4032.65 8
4032.85 21
4033.20 10
4034.90 38
4035.40 23
4035.85 37
4036.55 17
4037.50 27
4038.00 48
4038.85 3
4039.10 5
4039.15 47
4039.70 28
4039.90 44
4040.60 11
4040.70 30
4041.00 2
4042.95 13
4042.95 36
4044.35 9
4045.05 14
4045.10 47
4045.40 26
4046.40 46
4047.20 35
4048.50 12
4048.55 49
4049.30 48
4049.35 6
4049.40 39
4050.80 33
4050.95 31
4051.00 23
4051.20 25
4052.05 10
4052.15 16
4052.20 28
4052.35 47
4052.60 37
4053.00 40
4054.45 38
4054.70 11
4054.80 27
4054.90 32
4055.20 8
4055.25 1
4055.30 20
4055.80 14
4056.60 7
4057.05 5
4057.20 43
4057.40 36
4057.45 19
4058.95 39
4059.05 46
4059.75 18
4060.35 2
4060.45 3
4062.05 48
4062.30 4
4062.45 24
4062.90 44
4063.05 29
4063.25 10
4063.65 23
4064.35 21
4065.65 28
4066.45 31
4066.60 47
4066.80 15
4067.45 1
4067.75 7
4068.05 33
4068.20 9
4068.75 16
4069.10 25
4069.15 37
4069.45 0
4069.80 36
4069.85 39
4069.90 19
4070.20 49
4070.60 17
4070.70 48
4071.35 18
4071.45 45
4071.55 13
4072.25 29
4072.35 27
4072.70 8
4074.05 22
4074.55 20
4075.35 48
4075.55 49
4075.80 40
4076.45 23
4076.50 33
4079.00 48
4079.70 10
4080.30 14
4080.50 39
4081.20 11
4081.75 21
4081.90 2
4081.95 46
4082.50 31
4082.95 12
4083.70 19
4083.95 3
4084.25 15
4084.25 48
4085.05 36
4085.60 43
4085.90 35
4086.40 40
4087.10 1
4087.60 33
4088.20 24
4090.05 48
4090.35 46
4090.85 20
4090.85 40
4091.10 8
4092.95 39
4093.35 22
4093.85 38
4094.50 21
4094.90 10
4094.90 27
4095.75 36
4096.30 28
4096.80 33
4097.55 31
4098.40 15
4098.80 32
4099.55 30
4099.70 46
4100.30 5
4101.25 48
4101.60 7
4102.30 43
4102.35 49
4102.40 24
4102.45 37
4102.65 38
4103.80 23
4106.10 0
4106.10 42
4106.45 21
4106.50 40
4107.20 9
4107.65 43
4107.95 19
4109.30 16
4110.50 41
4111.85 14
4112.90 49
4115.30 13
4116.40 11
4117.95 34
4118.95 6
4119.40 24
4120.05 38
4120.05 48
4120.15 3
4121.10 36
4121.15 10
4121.45 4
4121.75 21
4123.05 40
4123.70 42
4124.15 31
4125.40 27
4125.65 22
4126.65 33
4127.35 0
4127.45 48
4128.40 18
4129.00 37
4129.25 35
4129.65 8
4129.80 19
4130.70 1
4131.40 11
4131.45 32
4131.60 20
4132.45 12
4132.85 43
4133.65 6
4135.80 14
4135.80 45
4136.45 31
4137.35 28
4137.50 43
4138.00 22
4138.40 16
4139.05 23
4139.30 48
4139.45 40
4140.25 10
4140.60 49
4141.15 25
4141.25 39
4143.20 40
4143.75 43
4144.15 37
4144.95 11
4145.10 38
4146.55 18
4146.60 26
4146.65 8
4146.70 21
4146.85 12
4147.15 35
4147.30 15
4147.65 36
4148.75 27
4150.05 43
4150.25 46
4150.50 1
4150.65 7
4151.55 33
4152.05 19
4152.15 0
4152.70 24
4153.65 40
4154.75 5
4155.05 20
4156.00 17
4156.30 29
4156.30 47
4156.35 41
4157.05 10
4157.35 27
4157.90 31
4158.00 48
4158.10 40
4158.30 12
4159.00 22
4159.15 38
4159.80 36
4159.95 0
4161.15 47
4161.65 18
4162.60 1
4163.20 11
4163.35 45
4163.40 21
4163.45 6
4163.55 46
4163.60 14
4163.85 44
4165.00 28
4165.45 25
4165.85 41
4166.60 13
4166.60 33
4166.75 19
4167.70 30
4167.80 2
4167.80 35
4169.10 3
4169.45 24
4171.15 31
4171.25 11
4171.40 4
4172.35 48
4172.90 41
4173.25 5
4174.05 42
4174.55 43
4174.90 47
4175.40 1
4176.80 14
4177.15 7
4177.35 10
4178.35 27
4178.35 39
4178.70 28
4179.05 2
4179.25 8
4179.70 18
4179.80 48
4179.95 23
4180.00 44
4180.45 12
4180.65 36
4181.30 40
4181.75 30
4182.75 38
4183.45 15
4183.45 49
4184.05 33
4184.15 45
4185.60 37
4186.30 10
4187.10 0
4187.25 11
4187.30 48
4187.45 14
4187.70 40
4188.85 42
4190.45 1
4192.05 4
4192.75 22
4193.00 18
4194.25 45
4194.35 27
4194.40 9
4195.45 19
4195.55 20
4195.65 21
4196.45 35
4197.85 28
4198.85 40
4199.40 25
4200.35 15
4200.45 5
4201.25 6
4201.35 46
4201.75 14
4202.50 12
4202.90 30
4203.10 10
4203.45 7
4203.45 31
4203.75 48
4203.85 11
4203.90 40
4204.45 45
4204.70 33
4204.75 41
4205.45 47
4205.75 38
4207.05 36
4207.40 43
4207.50 46
4209.50 24
4210.15 18
4211.60 14
4212.70 48
4212.90 2
4213.50 13
4214.35 39
4215.00 27
4216.40 40
4216.85 25
4216.90 19
4218.25 10
4218.25 21
4218.25 23
4219.95 32
4220.00 40
4220.15 16
4220.40 45
4220.50 11
4220.70 4
4221.95 12
4222.90 33
4223.00 1
4224.00 8
4224.15 45
4224.70 3
4225.20 35
4225.55 40
4225.65 44
4226.45 47
4226.65 42
4227.30 2
4227.40 37
4228.00 14
4228.20 43
4230.10 31
4230.35 15
4230.60 10
4231.50 20
4232.15 27
4233.70 42
4234.80 36
4235.05 41
4235.85 39
4236.00 33
4237.75 6
4238.70 17
4239.70 0
4239.90 40
4241.30 14
4241.45 24
4241.55 48
4241.85 7
4242.55 5
4242.55 43
4243.50 3
4243.60 10
4243.75 28
4245.30 2
4245.50 42
4245.90 1
4246.20 11
4246.30 18
4246.45 34
4246.50 19
4246.65 30
4246.65 35
4247.60 21
4248.00 39
4248.40 40
4248.45 13
4248.60 32
4248.95 27
4249.10 12
4250.70 37
4252.15 28
4252.15 44
4252.55 42
4252.60 38
4253.60 41
4253.85 40
4254.00 15
4254.55 31
4254.80 4
4257.15 11
4258.45 24
4258.70 35
4259.85 22
4260.30 10
4261.25 42
4261.30 36
4261.45 18
4261.90 1
4262.15 41
4263.00 7
4263.05 8
4263.30 33
4263.85 45
4264.30 26
4264.90 0
4265.15 40
4268.10 20
4268.55 12
4269.10 48
4269.90 13
4270.20 27
4274.00 47
4274.75 45
4275.05 38
4275.30 19
4276.45 2
4278.85 48
4278.95 30
4279.05 16
4280.20 1
4281.50 20
4281.90 29
4283.15 37
4284.15 14
4284.75 49
4285.30 5
4285.50 43
4286.60 3
4286.70 39
4287.60 33
4287.70 21
4287.75 46
4288.00 44
4289.45 27
4289.80 23
4290.70 18
4291.35 8
4291.70 4
4292.90 40
4293.95 36
4295.45 11
4295.85 48
4296.15 30
4297.10 35
4297.90 28
4299.20 19
4299.35 27
4300.25 46
4300.45 17
4300.50 47
4300.95 12
4302.05 2
4302.65 40
4303.50 42
4303.65 43
4304.15 46
4305.40 6
4307.35 31
4307.45 22
4307.75 4
4307.85 38
4308.40 41
4309.15 7
4309.35 14
4310.45 1
4310.55 21
4311.05 24
4311.80 0
4311.95 11
4312.15 30
4313.05 40
4313.80 10
4313.95 43
4314.60 13
4315.75 35
4317.15 23
4317.55 48
4317.60 15
4317.95 38
4318.35 29
4318.45 25
4319.00 5
4319.15 28
4319.65 40
4320.40 41
4320.70 31
4320.70 42
4320.80 20
4321.00 37
4321.60 24
4321.85 12
4322.25 22
4323.85 33
4324.50 27
4324.75 48
4324.95 45
4325.55 19
4327.05 9
4327.75 1
4328.30 39
4328.55 40
4328.60 30
4328.70 36
4329.00 32
4329.75 49
4330.65 21
4331.75 3
4332.15 11
4332.30 6
4332.50 13
4333.10 4
4333.25 10
4333.30 37
4333.40 35
4333.50 18
4333.70 38
4333.95 45
4334.90 24
4335.10 40
4336.70 33
4337.60 31
4337.70 43
4339.25 25
4339.55 2
4340.55 17
4340.95 46
4342.05 8
4343.50 5
4345.85 40
4346.60 7
4347.25 37
4347.40 22
4348.50 45
4348.55 14
4349.40 3
4349.45 16
4349.45 38
4349.50 21
4349.55 41
4350.25 11
4350.50 26
4351.50 31
4351.55 10
4351.60 43
4352.45 39
4352.55 36
4353.10 27
4353.25 0
4353.45 28
4353.55 19
4355.25 23
4355.30 2
4355.45 35
4355.50 33
4355.80 4
4355.85 25
4356.05 44
4356.10 42
4356.60 5
4356.75 34
4359.10 1
4360.55 20
4365.20 7
4366.70 47
4367.15 12
4367.40 21
4367.95 3
4368.05 27
4368.35 30
4368.80 16
4369.55 40
4369.55 45
4369.65 41
4369.70 19
4369.75 37
4370.00 13
4370.10 49
4370.85 17
4371.60 14
4372.90 5
4373.35 25
4373.55 22
4373.65 39
4373.65 48
4373.80 8
4374.15 10
4374.30 34
4374.80 44
4375.00 2
4375.10 38
4375.20 11
4375.70 40
4377.60 24
4377.80 41
4380.45 32
4380.55 27
4380.85 31
4381.70 43
4383.50 7
4383.55 49
4384.25 14
4385.35 35
4387.30 0
4387.45 47
4387.55 10
4388.35 28
4388.45 38
4388.70 11
4389.05 1
4389.05 13
4389.10 39
4390.00 40
4391.20 43
4391.35 18
4391.75 46
4391.90 3
4391.90 23
4392.80 2
4392.85 37
4394.20 19
4394.90 20
4395.55 40
4396.95 21
4398.00 25
4398.10 43
4398.15 4
4399.25 36
4399.75 12
4401.50 15
4402.55 24
4402.85 6
4403.45 5
4403.60 10
4404.05 49
4404.50 0
4404.50 48
4405.65 33
4407.75 31
4407.85 40
4407.90 38
4408.70 2
4409.05 49
4409.35 19
4409.40 43
4409.60 37
4410.05 8
4410.85 44
4411.25 14
4411.40 39
4413.05 35
4413.15 24
4414.65 9
4414.80 21
4417.20 31
4417.55 11
4417.70 46
4418.35 27
4418.90 7
4419.10 25
4419.15 47
4419.65 4
4419.80 5
4419.95 36
4420.05 43
4420.45 12
4421.30 49
4421.65 1
4422.65 26
4423.75 42
4424.60 18
4424.75 16
4424.75 17
4424.90 30
4426.00 3
4426.00 20
4426.95 19
4427.25 41
4427.65 11
4427.90 6
4428.90 49
4429.30 21
4429.30 35
4429.55 43
4430.20 33
4430.75 39
4431.00 2
4431.50 28
4431.55 13
4431.60 23
4432.50 48
4432.80 14
4433.10 7
4433.90 37
4434.85 25
4435.55 40
4435.60 12
4436.75 27
4436.80 10
4438.25 11
4438.70 24
4439.30 0
4439.75 43
4439.95 19
4440.50 18
4441.50 3
4441.55 44
4441.60 4
4441.65 39
4441.95 8
4442.80 29
4443.25 46
4443.60 36
4444.20 38
4444.80 35
4444.95 40
4445.05 5
4445.35 31
4445.85 23
4446.00 27
4446.50 41
4446.80 14
4447.50 28
4447.90 33
4447.90 47
4448.15 21
4448.15 43
4448.95 44
4449.15 40
4449.45 48
4449.85 7
4450.50 18
4450.70 10
4452.55 1
4452.75 47
4453.10 22
4453.50 19
4453.65 25
4454.15 36
4454.55 3
4454.65 49
4455.15 0
4455.30 31
4455.85 38
4455.85 44
4456.05 27
4456.45 43
4457.10 37
4458.80 2
4459.15 11
4459.30 33
4459.45 40
4460.20 44
4460.60 8
4460.90 5
4460.95 18
4461.10 9
4461.90 21
4462.75 10
4463.25 43
4463.25 46
4464.70 44
4465.60 40
4466.25 31
4466.25 36
4466.65 49
4467.00 48
4468.65 46
4469.10 39
4470.55 19
4474.10 27
4474.25 35
4475.15 10
4475.15 18
4475.15 38
4476.15 47
4476.60 23
4478.50 40
4478.50 43
4478.80 33
4479.45 0
4479.60 2
4480.10 7
4480.65 37
4480.90 28
4481.60 14
4482.15 4
4482.55 24
4483.10 15
4484.40 27
4484.45 19
4484.80 30
4484.95 49
4485.05 10
4486.10 48
4486.20 41
4486.35 33
4486.80 40
4487.15 20
4487.15 42
4487.30 31
4488.20 35
4488.70 1
4488.70 36
4489.20 8
4489.40 16
4490.20 21
4490.30 13
4491.35 44
4491.75 38
4492.10 12
4492.45 11
4493.45 3
4493.50 45
4494.95 40
4495.35 27
4495.60 14
4495.60 47
4495.85 10
4497.00 19
4497.35 5
4497.40 42
4498.30 0
4498.85 7
4499.05 44
4499.50 8
4499.50 28
4501.00 33
4502.30 36
4503.70 25
4504.95 37
4505.05 24
4506.00 22
4506.15 31
4506.95 14
4507.05 1
4507.50 38
4508.00 30
4508.15 18
4508.90 10
4510.60 41
4511.25 13
4511.35 9
4512.35 27
4513.05 34
4513.05 40
4513.65 3
4514.20 6
4515.45 2
4515.80 0
4516.60 45
4516.75 43
4517.20 16
4517.80 4
4518.55 23
4518.80 21
4520.70 8
4521.50 15
4521.55 11
4521.95 36
4522.95 19
4523.25 44
4524.80 5
4524.85 33
4525.55 43
4526.60 49
4526.65 35
4526.90 24
4527.45 40
4527.50 22
4529.55 48
4529.85 31
4530.20 38
4530.50 21
4530.65 29
4531.20 37
4532.15 47
4532.30 27
4533.65 36
4533.85 10
4534.05 48
4534.85 46
4535.00 3
4535.35 28
4535.55 12
4535.70 8
4535.95 1
4536.70 19
4538.85 18
4539.00 48
4539.75 31
4540.75 30
4541.20 32
4541.50 43
4542.70 11
4545.10 20
4546.40 27
4547.25 48
4548.40 40
4548.65 24
4548.70 28
4548.75 10
4548.80 4
4549.35 21
4551.00 14
4551.15 7
4551.30 33
4552.85 18
4552.90 46
4553.75 5
4553.80 36
4554.80 3
4555.45 40
4556.45 16
4556.55 1
4556.65 46
4557.30 35
4559.10 48
4559.85 15
4560.25 0
4560.35 13
4561.85 30
4562.30 39
4563.10 11
4564.45 45
4564.70 47
4565.05 38
4567.25 27
4567.75 25
4568.20 22
4568.40 24
4569.00 2
4569.10 44
4569.75 33
4570.95 17
4571.55 10
4571.75 14
4573.70 43
4574.15 29
4574.65 42
4575.70 31
4576.10 30
4576.30 8
4577.05 16
4577.85 40
4578.00 5
4578.20 36
4578.85 19
4579.05 45
4579.30 3
4579.30 44
4579.75 0
4579.90 7
4582.85 13
4583.10 28
4583.20 18
4584.55 1
4584.90 20
4585.30 42
4585.40 33
4585.80 14
4586.05 37
4586.15 27
4586.45 29
4586.50 11
4586.95 44
4587.75 10
4588.80 43
4591.00 34
4591.35 30
4591.45 40
4591.70 15
4592.15 22
4592.40 48
4593.05 8
4593.25 4
4594.20 24
4594.45 36
4595.65 42
4595.65 47
4596.60 5
4597.30 38
4597.30 39
4597.35 11
4597.60 46
4597.70 35
4598.00 9
4598.25 6
4598.25 7
4598.60 3
4598.95 27
4599.60 49
4599.90 28
4600.80 43
4601.00 33
4601.10 37
4601.95 16
4602.80 40
4603.00 41
4603.45 14
4604.10 21
4605.70 10
4605.70 43
4606.35 18
4606.70 4
4607.30 12
4607.55 22
4609.30 25
4609.40 0
4609.85 2
4609.85 23
4610.15 8
4610.20 32
4610.70 7
4610.95 20
4611.75 31
4611.95 35
4611.95 48
4613.05 40
4613.45 21
4613.55 11
4614.25 37
4614.40 36
4615.35 15
4615.70 48
4615.75 38
4615.95 1
4616.15 26
4616.30 43
4617.20 42
4617.90 19
4622.25 13
4622.50 45
4623.55 39
4624.35 33
4624.75 8
4624.95 22
4625.10 18
4625.25 35
4625.45 28
4625.80 5
4626.40 49
4627.10 48
4627.85 36
4628.30 42
4628.90 3
4629.95 17
4629.95 27
4630.20 45
4630.35 14
4630.60 21
4630.65 37
4630.70 16
4631.25 34
4631.65 11
4631.75 47
4631.80 9
4632.15 24
4633.90 43
4634.05 33
4635.15 8
4636.35 1
4637.95 10
4638.10 7
4638.25 13
4638.65 22
4639.10 40
4639.60 3
4640.10 31
4640.15 38
4640.45 28
4640.65 11
4641.10 37
4641.75 43
4641.90 41
4642.00 18
4642.05 49
4643.10 25
4644.45 44
4644.85 23
4645.45 12
4645.80 40
4645.85 15
4645.95 0
4646.20 5
4646.75 39
4647.35 19
4647.85 2
4647.85 4
4648.45 31
4648.65 24
4648.85 6
4648.90 33
4649.70 22
4650.30 1
4650.40 14
4650.65 8
4650.70 45
4650.80 18
4650.85 36
4650.85 43
4651.05 28
4651.30 10
4651.60 41
4651.75 48
4651.95 21
4652.30 27
4653.10 38
4653.30 30
4653.95 35
4654.35 40
4654.85 43
4654.90 9
4657.10 13
4657.55 3
4657.60 20
4657.60 40
4658.00 39
4659.40 32
4659.95 0
4660.00 5
4660.60 14
4660.70 24
4661.35 26
4661.50 1
4661.50 2
4661.50 4
4663.00 44
4663.40 37
4663.90 33
4664.40 42
4664.95 27
4666.05 8
4666.20 36
4666.65 3
4666.75 40
4667.10 10
4667.10 28
4667.25 11
4667.25 19
4668.50 48
4669.10 12
4669.75 21
4669.90 31
4671.60 17
4672.30 38
4672.85 20
4673.65 49
4673.85 47
4675.35 18
4675.55 39
4675.65 6
4675.90 25
4676.00 14
4676.90 44
4677.30 29
4677.90 26
4678.25 16
4678.80 7
4678.95 19
4679.45 5
4679.50 37
4680.50 33
4680.80 2
4680.90 13
4681.80 27
4681.85 49
4682.35 48
4683.30 44
4683.75 42
4683.90 10
4684.15 21
4684.40 11
4685.05 35
4685.35 31
4686.05 36
4687.40 17
4687.90 40
4689.45 3
4689.65 8
4690.45 47
4691.50 19
4692.25 27
4692.40 44
4693.70 28
4694.15 14
4694.55 24
4695.60 46
4696.35 33
4696.40 38
4697.15 9
4697.15 30
4697.30 41
4697.40 4
4698.80 18
4698.95 5
4700.10 16
4700.10 43
4700.75 42
4701.05 49
4701.15 25
4701.30 29
4702.50 39
4702.65 7
4702.95 34
4703.45 21
4703.60 31
4703.70 36
4705.05 35
4706.25 49
4706.40 19
4707.55 46
4707.80 26
4708.65 45
4709.00 40
4709.15 23
4709.50 24
4709.55 33
4709.75 28
4709.85 15
4711.05 10
4711.50 3
4713.05 36
4714.30 14
4714.35 49
4715.00 11
4715.70 31
4715.85 8
4715.95 44
4716.05 7
4716.65 5
4717.40 27
4717.55 37
4718.20 48
4718.35 38
4718.95 0
4720.70 4
4720.70 20
4720.80 12
4720.95 13
4721.35 21
4722.20 1
4722.95 24
4723.10 40
4723.50 17
4723.60 47
4724.70 22
4724.90 18
4725.95 23
4725.95 39
4726.00 33
4726.55 2
4727.50 41
4728.65 30
4729.40 11
4729.55 28
4729.65 8
4730.25 9
4730.35 29
4730.95 10
4731.00 46
4731.15 43
4732.10 3
4732.15 5
4732.65 25
4733.85 48
4734.50 41
4734.70 45
4734.90 35
4735.55 2
4736.05 26
4737.10 14
4737.35 27
4738.90 48
4740.75 36
4740.90 16
4741.60 21
4742.90 1
4743.35 7
4743.40 39
4743.45 0
4743.75 22
4744.25 18
4744.35 23
4745.15 19
4745.20 31
4745.40 42
4745.85 33
4747.15 20
4747.40 38
4747.55 48
4748.35 27
4748.80 13
4749.15 14
4749.15 45
4749.25 9
4749.70 10
4749.95 36
4750.25 30
4750.60 17
4750.75 35
4750.85 8
4751.35 43
4751.95 40
4752.45 3
4752.75 45
4754.35 41
4755.30 37
4755.90 24
4756.30 40
4758.30 33
4759.10 28
4759.35 26
4761.50 34
4761.85 11
4762.05 25
4762.50 5
4762.85 2
4762.85 44
4763.60 15
4763.60 39
4765.10 8
4765.35 1
4765.90 36
4766.10 27
4766.15 21
4766.25 40
4766.70 7
4767.85 30
4768.25 10
4768.50 9
4768.60 43
4769.10 22
4769.20 44
4769.65 33
4769.80 40
4771.05 20
4771.50 38
4772.00 2
4772.25 0
4772.40 19
4772.55 28
4773.95 23
4774.05 3
4774.20 12
4774.45 44
4774.85 21
4775.10 45
4775.75 35
4775.75 43
4776.20 14
4776.20 31
4776.30 37
4777.60 4
4778.35 1
4778.75 40
4779.55 27
4780.40 46
4780.85 5
4781.65 13
4782.10 42
4782.95 10
4783.55 41
4784.15 7
4784.55 28
4785.50 0
4786.40 19
4787.60 4
4787.60 48
4790.35 47
4791.20 24
4792.55 18
4792.70 27
4792.75 30
4793.35 34
4795.55 39
4795.75 5
4796.55 8
4797.00 41
4797.15 49
4797.30 14
4797.90 17
4798.10 36
4798.60 32
4799.15 25
4799.50 20
4800.25 23
4800.50 2
4801.60 37
4802.25 48
4802.80 45
4803.65 43
4805.45 11
4806.75 40
4807.05 10
4807.10 3
4808.85 28
4808.95 27
4809.15 43
4810.15 44
4811.40 15
4811.50 48
4812.80 18
4814.10 38
4814.55 30
4815.05 13
4815.60 46
4815.70 47
4815.90 1
4816.45 25
4817.50 39
4817.90 31
4818.55 32
4819.45 44
4819.80 40
4820.85 43
4823.05 12
4823.50 0
4823.50 36
4824.50 3
4826.60 8
4827.00 18
4828.20 2
4828.25 48
4828.45 33
4829.20 49
4829.40 27
4830.05 43
4831.00 7
4831.00 10
4831.70 35
4832.05 11
4833.50 19
4834.40 38
4834.95 14
4835.25 23
4836.50 21
4836.60 22
4837.10 48
4837.35 36
4837.35 39
4837.60 42
4837.70 25
4837.80 26
4837.80 31
4838.10 13
4838.25 27
4839.35 12
4839.40 40
4840.25 46
4840.35 5
4840.75 28
4841.30 6
4842.00 18
4842.50 10
4843.50 41
4843.70 32
4844.40 45
4844.50 35
4844.75 9
4848.65 24
4849.10 16
4850.00 36
4851.80 33
4852.80 30
4853.25 44
4853.45 11
4853.55 15
4854.10 39
4855.40 17
4855.55 31
4857.05 2
4858.75 25
4859.20 21
4859.95 45
4860.05 7
4860.80 46
4861.40 5
4863.55 28
4864.05 38
4864.45 48
4864.85 0
4864.95 9
4865.10 16
4865.55 13
4866.10 23
4866.90 10
4867.00 29
4867.05 27
4867.50 19
4868.95 24
4869.30 1
4869.50 40
4870.40 36
4870.80 4
4871.00 3
4871.35 41
4872.65 21
4872.80 12
4873.55 30
4874.25 48
4875.80 47
4876.05 27
4876.40 20
4876.90 18
4878.10 40
4878.50 39
4880.10 22
4880.30 45
4880.90 14
4881.30 33
4881.60 37
4883.00 36
4883.25 43
4883.35 48
4884.00 7
4884.45 42
4884.60 2
4885.15 27
4885.45 6
4887.10 40
4888.10 28
4888.50 1
4891.15 20
4891.25 10
4891.30 17
4891.35 13
4891.50 11
4891.65 38
4891.95 45
4892.55 4
4892.60 0
4893.05 35
4893.45 25
4893.55 3
4893.95 43
4894.65 41
4896.55 12
4897.15 40
4897.55 26
4898.00 24
4898.15 31
4900.40 48
4900.80 19
4900.95 30
4907.00 46
4907.20 28
4908.30 29
4908.30 35
4908.65 33
4909.45 22
4909.95 11
4910.65 27
4911.45 14
4911.90 9
4912.25 3
4912.90 18
4913.45 1
4914.35 5
4915.05 37
4915.05 43
4915.40 2
4916.15 21
4917.30 16
4918.35 41
4918.55 23
4920.65 19
4923.00 12
4923.05 24
4925.45 5
4926.45 6
4926.60 41
4926.90 48
4927.00 35
4927.05 4
4927.30 11
4928.75 0
4928.75 22
4930.40 31
4930.50 10
4930.95 25
4932.65 40
4934.50 27
4937.35 28
4938.15 8
4938.60 47
4940.45 43
4940.95 46
4941.90 19
4943.90 49
4944.90 3
4946.05 36
4946.10 35
4947.30 25
4947.55 48
4948.00 7
4949.35 21
4949.40 39
4949.75 1
4949.75 46
4950.85 9
4951.25 27
4951.60 33
4952.15 10
4952.80 15
4953.45 30
4953.90 42
4956.35 44
4957.50 40
4957.75 14
4958.90 38
4959.55 47
4960.90 31
4961.25 5
4962.65 36
4962.95 21
4964.50 24
4965.85 17
4966.80 25
4967.20 22
4967.25 39
4967.25 49
4968.10 35
4968.20 12
4968.40 14
4968.55 48
4968.60 46
4968.75 15
4969.05 43
4969.20 47
4970.50 27
4970.85 40
4971.00 11
4971.70 13
4972.05 10
4972.70 7
4973.05 2
4973.20 19
4973.45 33
4973.55 31
4973.70 38
4973.90 28
4974.40 44
4974.60 8
4975.00 21
4977.55 49
4977.60 1
4977.70 37
4978.30 43
4978.45 32
4979.50 0
4979.55 25
4980.05 36
4980.55 40
4980.80 46
4981.10 3
4983.80 33
4983.85 6
4984.55 4
4984.60 27
4985.00 12
4985.65 38
4985.80 45
4986.05 47
4986.15 24
4986.45 49
4986.60 42
4987.70 5
4989.40 10
4990.15 39
4990.20 40
4993.15 2
4993.15 3
4993.15 22
4994.05 20
4994.30 8
4995.05 48
4995.10 9
4995.65 11
4995.70 29
4996.60 41
4996.65 28
4996.70 35
4996.95 36
4997.40 4
4997.90 6
4998.65 40
4999.75 46
4999.80 33
5000.00 13
5000.40 14
5000.75 19
5001.10 27
5002.05 43
5002.25 23
5003.25 21
5005.20 12
5005.65 5
5009.40 31
5009.65 7
5011.10 36
5011.20 10
5011.95 22
5012.25 45
5012.55 6
5012.60 2
5012.95 30
5013.75 33
5015.35 11
5015.85 27
5016.05 18
5017.60 28
5018.25 5
5018.35 37
5018.85 40
5019.00 20
5019.10 12
5019.35 24
5019.60 1
5019.75 41
5020.80 26
5021.45 19
5021.80 38
5021.85 46
5022.40 40
5022.45 44
5022.80 49
5023.10 21
5023.80 39
5023.85 36
5024.15 4
5024.30 25
5025.10 9
5025.35 18
5025.90 14
5028.25 43
5028.45 47
5030.85 35
5031.00 34
5031.00 48
5031.40 8
5034.10 30
5034.20 46
5034.95 38
5035.60 31
5035.75 22
5036.70 41
5037.25 23
5037.75 21
5037.85 27
5038.10 3
5038.85 16
5040.60 2
5040.60 19
5042.70 36
5043.85 46
5044.25 15
5044.80 11
5045.25 12
5045.65 0
5046.05 33
5047.20 25
5047.20 35
5047.45 18
5048.55 24
5048.75 5
5049.45 41
5049.70 43
5050.05 3
5050.60 7
5050.85 1
5051.15 28
5051.25 21
5051.60 48
5051.90 10
5052.45 30
5052.50 2
5053.15 40
5053.45 23
5053.85 11
5054.15 31
5055.55 32
5055.60 13
5058.25 49
5058.45 44
5058.75 0
5059.05 6
5060.50 25
5061.45 4
5064.25 14
5064.45 30
5064.45 42
5064.70 11
5065.95 21
5066.55 28
5067.10 33
5067.20 29
5067.20 38
5067.55 7
5068.30 27
5068.30 47
5068.70 40
5068.85 5
5068.95 19
5069.60 41
5069.85 37
5070.25 1
5070.85 12
5071.50 45
5072.95 2
5073.05 10
5073.45 39
5074.95 31
5075.60 26
5076.35 36
5076.40 44
5077.00 41
5077.15 0
5077.20 49
5077.35 25
5077.60 24
5077.90 14
5078.20 4
5080.10 7
5080.20 38
5081.15 42
5081.20 11
5081.20 13
5081.50 30
5081.60 20
5081.90 16
5082.15 40
5082.60 43
5082.65 33
5083.65 18
5083.90 31
5084.20 21
5084.35 19
5084.45 10
5086.40 5
5087.05 8
5087.75 23
5087.80 6
5088.90 22
5089.25 17
5089.30 28
5090.60 48
5090.65 34
5092.65 25
5093.20 32
5094.45 45
5094.90 3
5095.30 38
5096.40 4
5097.40 40
5097.50 47
5098.25 27
5098.65 1
5098.95 49
5099.65 11
